----- 7/1/2019 1:19:45 - Account Manager (186.219.144.107) -----

Graphic Engine: DirectX9 (2)
Operating System: Windows Vista Family in BRA
Processor: Dual Core Intel Pentium E5800 @ 3
Video Card: Intel (R) G41 E
Last Packet Types: 100 010 031 100 020 010 000 000 000 000
Last Packet: 010 098 037 001 016 050 000 000 100 227 003 101 003 005 163 017
Player Name: Ino Tavel (Offline)
Player Action: 053 052 046 051 057 046 049 051 048 046 049 054 058 055 049 055 050
Player.cpp 361: exception occurred, reason:
Network.cpp 946: exception occurred (ErrorCode = 0), reason:
Control.cpp 1331: exception occurred (Type = 100) (MainWindow = 40730456), reason:
Communication.cpp 1681: exception occurred (PlayerX = 995) (PlayerY = 869), reason:
Communication.cpp 1659: exception occurred (xmin = 0) (ymin = 0), reason:
Communication.cpp 1638: exception occurred (Type = 97) (OldType = 415), reason:
Communication.cpp 1592: exception occurred (Type = 97) (CreatureID = 268441862), reason:
Objects.cpp 604: exception occurred (Number = 480), reason:
Container.h 226: index out of range (original i: 480, i: 479, min: 1, d: 367)
Mon Dec 24 22:53:46 2018
Debug Assertion 8.60 Container.h 226

