[31/12/2018 23:1:1] Knight Sample: kkkkkkkkkkkk
[31/12/2018 23:1:6] Knight Sample: me fudi
[1/1/2019 18:16:36] Paladin Sample: teste
[1/1/2019 19:8:13] Paladin Sample: se liga
[1/1/2019 19:8:18] Sorcerer Sample: kd
[1/1/2019 22:45:42] Sorcerer Sample: viados?
[1/1/2019 22:45:56] Sorcerer Sample: sou eu thacio
[1/1/2019 22:46:5] Paladin Sample: Ixi o rei deles !
[1/1/2019 22:46:31] Sorcerer Sample: vitor?
[1/1/2019 22:46:37] Paladin Sample: Junior
[1/1/2019 22:46:44] Sorcerer Sample: puxa ae
[1/1/2019 22:47:8] Sorcerer Sample: puxa viado
[1/1/2019 23:1:49] Sorcerer Sample: fiz merda
[1/1/2019 23:1:54] Sorcerer Sample: falei /game
[1/1/2019 23:1:55] Sorcerer Sample: POEKOPEKEOKEOKE
[1/1/2019 23:2:33] Sorcerer Sample: puxa aew
[1/1/2019 23:5:21] Sorcerer Sample: kd tu viado
[1/1/2019 23:5:23] Sorcerer Sample: puxa o cara
[4/1/2019 19:33:5] Paladin: test
[4/1/2019 19:35:0] Testing: Bora ver
[4/1/2019 19:35:8] Paladin: ok
[4/1/2019 19:35:12] Paladin: e bota o food pra curar..
[4/1/2019 19:35:18] Paladin: pq se nao nunca vou ir dragon upar.
[4/1/2019 19:35:35] Testing: kk
[4/1/2019 19:36:14] Paladin: auto loot n seria dahora nao?
[4/1/2019 19:36:51] Paladin: tipo
[4/1/2019 19:36:58] Paladin: auto loot acho q nao é necessario nao
[4/1/2019 19:37:7] Paladin: mais o de juntar itens semelhantes
[4/1/2019 19:37:9] Paladin: acho q seria bom
[4/1/2019 19:37:39] Testing: vou aumentar a cura
[4/1/2019 19:37:39] Paladin: mudou a senha do god la pra min?
[4/1/2019 19:37:43] Testing: mas vou aumentar a fome
[4/1/2019 19:37:44] Paladin: 1
[4/1/2019 19:38:7] Paladin: qual sentido de aumentar a fome?
[4/1/2019 19:38:10] Paladin: kkkkkkkkkkkkkkkkkkkkkkkkkkkkkkkkkkkkkkkkkkkkkkkkkkkkkkkkkkkkkkkkkkkkkkkkkkkkkkkkkkkkkkkkkkkkkkkkkkkkkkkkkkkkkkkkkkkkkkkkkkkkkkkkkkkkkkkk
[4/1/2019 19:38:21] Paladin: vsf
[4/1/2019 19:38:25] Paladin: n li isso nao
[4/1/2019 19:38:29] Paladin: só vc msm
[4/1/2019 19:38:44] Testing: Uai
[4/1/2019 19:38:46] Testing: Mais come
[4/1/2019 19:38:47] Testing: mais cura
[4/1/2019 19:38:52] Testing: A idéia é essa
[4/1/2019 19:39:15] Testing: vai curar mais
[4/1/2019 19:39:19] Paladin: cara
[4/1/2019 19:39:23] Testing: E vai ter q comer mais
[4/1/2019 19:39:25] Paladin: rotworm n upa nada
[4/1/2019 19:40:37] Paladin: carrion worm
[4/1/2019 19:40:40] Paladin: ta qnt o xp?
[4/1/2019 19:40:48] Paladin: deve ta suave.
[4/1/2019 19:40:48] Testing: padrao
[4/1/2019 19:40:51] Paladin: pdc
[4/1/2019 19:40:53] Paladin: acho q serve
[4/1/2019 19:40:54] Paladin: rsrs
[4/1/2019 19:41:9] Testing: nao alterei nenhum bixo padrao
[4/1/2019 19:41:15] Paladin: ok
[4/1/2019 19:41:32] Paladin: vou compra uh
[4/1/2019 19:41:36] Paladin: bora dragon?
[4/1/2019 19:41:44] Paladin: o sistema bank
[4/1/2019 19:41:45] Paladin: tu fez?
[4/1/2019 19:41:46] Paladin: hi
[4/1/2019 19:41:47] Paladin: trade
[4/1/2019 19:42:15] Paladin: npc vendendo up wand
[4/1/2019 19:42:15] Testing: fiz
[4/1/2019 19:42:16] Paladin: aoekaopekpaokepoake
[4/1/2019 19:42:35] Testing: Não modifiquei ele ainda
[4/1/2019 19:42:40] Paladin: ok
[4/1/2019 19:42:41] Testing: acho q nem tem strong
[4/1/2019 19:42:45] Paladin: .!deposit all
[4/1/2019 19:42:53] Paladin: 16:43 Alright, you have added the amount of 109900 gold to your balance. You can withdraw your money anytime you want to. Your account balance is 109900.
[4/1/2019 19:42:53] Testing: s
[4/1/2019 19:42:59] Paladin: alterar..
[4/1/2019 19:43:3] Paladin: tem q por caixa..
[4/1/2019 19:43:24] Paladin: doPlayerPopupFYI(cid, "You have added all amount of gold to your balance.\nYour account balance now is " .. getPlayerBalance(cid) .. ".")
[4/1/2019 19:43:38] Paladin: sacou?
[4/1/2019 19:43:41] Testing: Pra q caixa?
[4/1/2019 19:43:55] Paladin: pro cara ter ciencia q foi depositado td
[4/1/2019 19:44:0] Paladin: e mostrar o atual balance dele
[4/1/2019 19:44:5] Paladin: igual era no collapser;
[4/1/2019 19:44:48] Paladin: achei bug no script.
[4/1/2019 19:44:51] Paladin: poem ai
[4/1/2019 19:44:57] Paladin: .!deposit 99999999
[4/1/2019 19:45:14] Testing: To em fight
[4/1/2019 19:45:21] Paladin: mais 1 bug
[4/1/2019 19:45:22] Paladin: apeokapoekpoakepo
[4/1/2019 19:45:34] Testing: Ele está extourando o inteiro
[4/1/2019 19:45:36] Paladin: o sistema bank por comando ignora se ta em fight ou nao.
[4/1/2019 19:45:38] Testing: e ficando negativo ne?
[4/1/2019 19:45:46] Testing: ai
[4/1/2019 19:45:47] Paladin: nao...
[4/1/2019 19:45:54] Paladin: ele ta depositando como se fosse deposit all
[4/1/2019 19:45:59] Paladin: e o withdraw tbm
[4/1/2019 19:46:4] Paladin: poem ai
[4/1/2019 19:46:6] Paladin: .!withdraw 1
[4/1/2019 19:46:24] Paladin: e deposit 1
[4/1/2019 19:46:28] Paladin: ele poem e tira td.
[4/1/2019 19:48:15] Paladin: mano outra coisa
[4/1/2019 19:48:18] Paladin: qnd hp ta cheio
[4/1/2019 19:48:22] Paladin: n mostra o quanto heala.
[4/1/2019 19:48:30] Paladin: poem pra mostrar independente se ta cheio ou n
[4/1/2019 19:48:32] Paladin: consegue?
[4/1/2019 19:48:35] Paladin: mana tb.
[4/1/2019 19:49:14] Testing: Consigo não, é possível?
[4/1/2019 19:49:25] Testing: kkkkkkkkkkkkkkkkkkkkkkkkkkkk
[4/1/2019 19:49:29] Testing: consigo
[4/1/2019 19:49:36] Paladin: é onde q arruma isso?
[4/1/2019 19:49:43] Testing: Tu fala como se eu fosse um idiota
[4/1/2019 19:49:44] Testing: kkk
[4/1/2019 19:50:4] Paladin: n uai
[4/1/2019 19:50:6] Paladin: kkkkkkkkkkk
[4/1/2019 19:50:16] Paladin: script e programaçao tu manja
[4/1/2019 19:50:27] Paladin: mais configurar os bagulho
[4/1/2019 19:50:34] Paladin: vai q tu n sabe onde fica
[4/1/2019 19:50:49] Paladin: eu mesmo n faço ideia de onde fica a configuraçao disso
[4/1/2019 19:51:6] Paladin: poem a carninha ai pra curar q o dragon ta me fudeno aqui
[4/1/2019 19:51:45] Paladin: af
[4/1/2019 19:52:7] Paladin: !promotion
[4/1/2019 19:54:10] Testing: eu se fosse vc n iia upar agr n
[4/1/2019 19:54:22] Paladin: pq?
[4/1/2019 19:54:49] Paladin: estou vendo os bugs e os errinhos pra corrigir ué...
[4/1/2019 19:54:58] Paladin: pra n entrarem no server e ja falarem de bug
[4/1/2019 19:57:6] Paladin: vou dormir um pouco dps logo dnv
[4/1/2019 19:57:27] Paladin: tem mt trampo mano, pra gnt fazer kkkk
[4/1/2019 19:58:2] Paladin: me passa a pasta dos monsters q vc tem ai dps
[4/1/2019 19:58:12] Paladin: q vou testanto e ja editando aqui em casa
[4/1/2019 19:58:24] Paladin: ai dps só te passo ela de volta ja configurado os exp
[4/1/2019 19:58:31] Paladin: e vou fazer alguns monsters ja
[4/1/2019 19:58:33] Knight Sample: viu ai?
[4/1/2019 19:58:36] Knight Sample: o pot?
[4/1/2019 19:58:42] Paladin: vi sim
[4/1/2019 19:58:48] Knight Sample: satisfeito?
[4/1/2019 19:58:50] Paladin: sim
[4/1/2019 19:58:57] Paladin: é o script q passei ou vc fez outro?
[4/1/2019 19:59:9] Knight Sample: outro
[4/1/2019 19:59:19] Paladin: hum
[4/1/2019 19:59:23] Paladin: tem algo estranho
[4/1/2019 19:59:28] Paladin: quando cura
[4/1/2019 19:59:28] Knight Sample: ?
[4/1/2019 19:59:33] Paladin: aparece 2 cura.
[4/1/2019 19:59:41] Paladin: quando a mana ta cheia
[4/1/2019 19:59:44] Paladin: aparece normal
[4/1/2019 19:59:48] Paladin: porem qnd n ta
[4/1/2019 19:59:48] Knight Sample: Qnd n está
[4/1/2019 19:59:53] Paladin: mostra curando 2x
[4/1/2019 19:59:54] Knight Sample: To ligado
[4/1/2019 19:59:54] Paladin: se liga
[4/1/2019 19:59:59] Knight Sample: cura 1
[4/1/2019 20:0:3] Knight Sample: mas mostra 2x
[4/1/2019 20:0:5] Paladin: s
[4/1/2019 20:0:17] Paladin: e a vida full n mostra curando
[4/1/2019 20:0:17] Paladin: '-'
[4/1/2019 20:0:21] Paladin: n arrumou
[4/1/2019 20:0:45] Knight Sample: testa
[4/1/2019 20:0:52] Paladin: tinha necessidade de fazer outro script pras potion msm?
[4/1/2019 20:0:58] Paladin: a minha script ja tava bonitinha '-'
[4/1/2019 20:12:21] Knight Sample: Eita
[4/1/2019 22:13:4] Knight Sample: //r
[6/1/2019 0:10:45] Ze Gotinha I: anderson ?
[6/1/2019 0:17:28] Al Rashid: Olá, boa noite a todos!
[6/1/2019 0:39:10] Al Rashid: Vou ter que ficar afk treinando ML
[6/1/2019 0:39:26] Al Rashid: Mas em breve eu estou de volta, vou fumar um baseado para relaxar a mente é jogar um jogo suave é tranquilo!
[6/1/2019 0:41:1] Al Rashid: Vou deixar vocês me passarem, mais tarde eu pego 200 - 300 levels em horas.
[6/1/2019 0:41:6] Al Rashid: b note bjs
[6/1/2019 2:48:29] Cave Rot: boa boa
[6/1/2019 3:15:37] Cave Rot: boa
[6/1/2019 3:37:35] Al Rashid: B noite familia ?
[6/1/2019 3:41:56] Cave Rot: eae anderson pau no cu
[6/1/2019 3:58:39] Al Rashid: SMP Free depot!
[6/1/2019 13:37:26] Al Rashid: b dia
[6/1/2019 13:40:13] Henrique: bom dia
[6/1/2019 13:44:58] Henrique: Nao tem a primeira promotion ainda ?
[6/1/2019 13:45:7] Al Rashid: nâo pq está tudo disponivel
[6/1/2019 13:45:9] Al Rashid: apenas teste beta
[6/1/2019 13:45:52] Henrique: Tlg, mas tipo, vai ter alguma diferença ser EK ? 
[6/1/2019 14:8:46] Henrique: Pq os trainers batem range ? Nao tirou as skill do bk ?
[6/1/2019 15:43:58] Al Rashid: Boa Tarde!
[6/1/2019 16:56:58] Aayv: Booa trade! Collapser Zullu 2019
[6/1/2019 16:57:11] Al Rashid: boa
[6/1/2019 16:57:53] Maniipulador: anderson ?
[6/1/2019 16:57:58] Maniipulador: anderson ?
[6/1/2019 16:58:6] Al Rashid: Oi
[6/1/2019 16:58:22] Rakedz: kk
[6/1/2019 16:58:27] Al Rashid: ?
[6/1/2019 16:59:22] Maniipulador: rakedz hunted 
[6/1/2019 16:59:33] Maniipulador: :F
[6/1/2019 16:59:57] Rakedz: sua mae
[6/1/2019 17:0:3] Rakedz: kkasoaskaok
[6/1/2019 17:0:4] Rakedz: kk
[6/1/2019 17:0:51] Aayv: GOD ? 
[6/1/2019 17:1:37] Rakedz: sim
[6/1/2019 17:30:57] Rakedz: how can use elf bot? scripts for mana and exura
[6/1/2019 17:31:1] Rakedz: help me please
[6/1/2019 17:49:44] Maniipulador: 3kk pls ?
[6/1/2019 18:22:44] Al Rashid: i have the hk of heals and attack, Rakedz, pme
[6/1/2019 18:39:30] Al Rashid: Boa
[6/1/2019 18:40:31] Henrique: Rakedz, the client uses a percentage of your heal and mana, so when you up $hp is like your put $hppc
[6/1/2019 19:27:8] Henrique: Onde arruma a Strong Mana ?
[7/1/2019 3:14:54] Maniipulador: hi
[7/1/2019 3:36:48] Rakedz: who have the bot scripts?
[7/1/2019 3:41:55] Skrey Westcoast: GOD ON 
[7/1/2019 3:41:58] Skrey Westcoast: GOD ON 
[7/1/2019 3:53:59] Skrey Westcoast: god bugao help
[7/1/2019 3:55:25] Skrey Westcoast: sadasdsdqwd``1`1`~~~``~~~~~~~~~|~~~~~~~~~````~~~~~~~~~~~
[7/1/2019 3:56:12] Administrator: Que bug?
[7/1/2019 3:56:30] Skrey Westcoast: aki ve
[7/1/2019 3:57:21] Skrey Westcoast: upa 
[7/1/2019 4:42:21] Henrique: carai vo ter que mudar tudo os icon agora, mudou a parada
[7/1/2019 4:45:7] Maniipulador: god
[7/1/2019 4:45:10] Maniipulador: god ??
[7/1/2019 4:45:25] Maniipulador: lol
[7/1/2019 4:48:11] Henrique: adm
[7/1/2019 4:48:14] Henrique: os mostro parou de atacar kkkkkkkkk
[7/1/2019 4:48:18] Maniipulador: sssssss lol
[7/1/2019 4:48:20] Maniipulador: lol
[7/1/2019 4:48:24] Henrique: wtf kkkkkk
[7/1/2019 4:48:50] Maniipulador: aff
[7/1/2019 4:48:53] Maniipulador: god nbs
[7/1/2019 4:53:49] Maniipulador: god para aff ot atacar test
[7/1/2019 4:55:47] Diick Druiidzooor: da pra upa nn?
[7/1/2019 4:59:24] Administrator: resolver?
[7/1/2019 5:6:19] Knight Sample: sr
[7/1/2019 5:12:23] Maniipulador: rsrs
[7/1/2019 5:29:31] Diick Diabooliicc: qe sofrencia
[7/1/2019 5:34:8] Diick Diabooliicc: ae
[7/1/2019 5:34:54] Henrique Shooter: ae
[7/1/2019 5:41:4] Skrey Westcoast: ae
[7/1/2019 12:10:15] Lady Demoniac: tem strong pra vender no npc nao?
[7/1/2019 12:10:27] Henrique: Tem nao, acho que hj ainda os mano arruma
[7/1/2019 15:32:48] Diick Diabooliicc: alguem?
[7/1/2019 15:32:57] Al Rashid: Oi
[7/1/2019 15:33:8] Al Rashid: B tarde.
[7/1/2019 15:33:45] Diick Diabooliicc: Boa Tarde, ngm ta upando :\ a xp ta foda
[7/1/2019 15:34:9] Lady Demoniac: eu to tentando USAHUSAUH
[7/1/2019 15:34:12] Al Rashid: ue
[7/1/2019 15:34:13] Al Rashid: kkkkkkkkkkkkkkkkkk
[7/1/2019 15:34:16] Al Rashid: tu quer o q fi
[7/1/2019 15:34:21] Al Rashid: exp alta ?
[7/1/2019 15:34:21] Diick Diabooliicc: kkkkkkkk slc
[7/1/2019 15:34:24] Al Rashid: mata 1 bixo upar 10 level
[7/1/2019 15:34:25] Al Rashid: mds
[7/1/2019 15:34:33] Al Rashid: exp tá excelente
[7/1/2019 15:34:41] Diick Diabooliicc: slc man
[7/1/2019 15:34:42] Diick Diabooliicc: ahusahusahsa
[7/1/2019 15:34:59] Lady Demoniac: xp ta boa , o foda ta esse mana que nao heala nada
[7/1/2019 15:34:59] Lady Demoniac: UHSAUH
[7/1/2019 15:35:35] Diick Diabooliicc: vdd viu kkkkkkk
[7/1/2019 15:35:39] Diick Diabooliicc: onde pega strong mana?
[7/1/2019 15:35:52] Al Rashid: E normal pq o seu nivel está baixo.
[7/1/2019 15:40:40] Diick Diabooliicc: onde pega strong mana?
[7/1/2019 15:41:27] Al Rashid: no npc
[7/1/2019 15:41:52] Al Rashid: no npc Eryn
[7/1/2019 15:42:26] Diick Diabooliicc: vlw
[7/1/2019 15:42:31] Diick Diabooliicc: ea great? é quest?
[7/1/2019 15:42:32] Al Rashid: tmj
[7/1/2019 15:42:36] Al Rashid: n
[7/1/2019 15:42:38] Al Rashid: tem que comprar no npc
[7/1/2019 15:42:42] Al Rashid: uai tu nao saber
[7/1/2019 15:42:46] Al Rashid: jogar tibia n
[7/1/2019 15:42:47] Al Rashid: mn ?
[7/1/2019 15:42:53] Diick Diabooliicc: nn pow kkkkkk, coll faz tempo
[7/1/2019 15:42:57] Diick Diabooliicc: onde fica esse npc?
[7/1/2019 15:43:1] Al Rashid: faz tempo e eu nunca esqueci
[7/1/2019 15:43:4] Al Rashid: eu lembro desse nome nos ot
[7/1/2019 15:43:5] Al Rashid: po
[7/1/2019 15:43:11] Al Rashid: Eu sempre joguei com meu nick
[7/1/2019 15:43:14] Al Rashid: Anderson Marolento 
[7/1/2019 15:43:16] Al Rashid: Depois eu vou mudar
[7/1/2019 15:43:17] Al Rashid: de nome
[7/1/2019 15:43:24] Diick Diabooliicc: aaaahhh é tu viado kkkkkkkkkkkkkk
[7/1/2019 15:43:34] Al Rashid: sempre
[7/1/2019 15:47:58] Al Rashid: coe
[7/1/2019 15:48:15] Diick Diabooliicc: great mana ñn vende no eryn nn pow
[7/1/2019 15:48:21] Al Rashid: n
[7/1/2019 15:48:23] Al Rashid: apenas smp
[7/1/2019 15:48:57] Diick Diabooliicc: pdp
[7/1/2019 16:21:33] Diick Diabooliicc: alguem on?
[7/1/2019 16:31:1] Lady Demoniac: EU
[7/1/2019 16:55:17] Amylee: bow    the bow´s  no have range
[8/1/2019 1:55:24] Skrey Westcoast: hi
[8/1/2019 2:11:42] Rakedz: who hav elf bot scripts
[8/1/2019 2:16:53] Administrator: Which scripts?
[8/1/2019 2:17:17] Rakedz: mana,fishing,exevo mana please i dont speak br
[8/1/2019 2:17:47] Administrator: auto 1 mana self (mana potion)
[8/1/2019 2:17:57] Administrator: auto 1 smana self (strong mana)
[8/1/2019 2:18:6] Administrator: auto 1 gmana self (great mana)
[8/1/2019 2:19:15] Administrator: auto 100 if [$mppc == 100] say 'exevo mana'
[8/1/2019 2:19:39] Skrey Westcoast: i evento hj googogoo
[8/1/2019 2:19:45] Administrator: auto 100 fish
[8/1/2019 2:19:52] Skrey Westcoast: pls
[8/1/2019 2:20:25] Rakedz: thx,and for exura ?
[8/1/2019 2:21:11] Administrator: auto 100 if [$hppc <= 80] say 'exura'
[8/1/2019 2:39:31] Skrey Westcoast: why upa 300
[8/1/2019 3:31:8] Ziggy Marley: alguem on ?
[8/1/2019 3:31:27] Administrator: s
[8/1/2019 7:33:46] Al Rashid: B noite
[8/1/2019 9:37:6] Al Rashid: Quem on ?
[8/1/2019 16:24:22] Henrique: Alguem on ?
[8/1/2019 16:28:24] Henrique: Carai, tiraram o exori ico ?
[8/1/2019 16:44:45] Tree Hugger: Alguém on ?
[8/1/2019 16:44:50] Henrique: eu
[8/1/2019 16:44:57] Tree Hugger: mano 
[8/1/2019 16:45:1] Tree Hugger: eu to tentando fala contigo no pv
[8/1/2019 16:45:2] Tree Hugger: mas so nivel 20
[8/1/2019 16:45:6] Tree Hugger: Al rashid aqui
[8/1/2019 16:45:10] Tree Hugger: esqueci minha senha
[8/1/2019 16:45:11] Tree Hugger: kkkkkkkkkkkkkkkkkkkk
[8/1/2019 16:45:20] Henrique: queee kkkkkkkkkkkkkkk
[8/1/2019 16:45:29] Tree Hugger: Esqueci a senha do M.S
[8/1/2019 16:45:36] Tree Hugger: Me invita ai naquela visao
[8/1/2019 16:45:38] Tree Hugger: criei o e.d
[8/1/2019 16:45:45] Tree Hugger: te dei som
[8/1/2019 16:45:48] Henrique: ok
[8/1/2019 16:45:56] Tree Hugger: vou te que upar este
[8/1/2019 16:46:4] Tree Hugger: n dar para conversar no pv mn
[8/1/2019 16:46:9] Tree Hugger: apenas level 20 +
[8/1/2019 16:46:13] Henrique: lol kkkkk
[8/1/2019 16:46:14] Tree Hugger: calmai vou liga elf bot
[8/1/2019 16:46:15] Tree Hugger: calmai
[8/1/2019 16:46:48] Tree Hugger: go
[8/1/2019 16:46:50] Tree Hugger: house
[8/1/2019 16:46:58] Henrique: to indo
[8/1/2019 16:47:2] Henrique: vo me matar aqui
[8/1/2019 16:47:14] Tree Hugger: blz
[8/1/2019 18:7:59] Henrique: vai mudar o ip ?
[8/1/2019 18:56:55] Henrique: mudou o ip msm ?
[8/1/2019 19:1:31] Administrator: collapser.online
[8/1/2019 19:2:1] Henrique: Ou, coloca o npc de promotion ai, tá foda upar em grupo sem exeta res kkk
[8/1/2019 19:2:11] Administrator: temple
[8/1/2019 19:2:17] Henrique: ok
[8/1/2019 19:19:3] Ziggy Marley: adm, onde consigo uma assassin star? ta dificil minha vida kkkkk
[8/1/2019 19:48:48] Henrique: o evento ta pegando ?
[8/1/2019 21:31:29] Henrique: como assim onde era ? no mapa ?
[8/1/2019 21:32:12] Administrator: Isso kk
[8/1/2019 21:32:37] Henrique: calma vo te ajudar a procurar aqui
[8/1/2019 21:32:54] Administrator: Já me mostraram
[8/1/2019 21:32:55] Administrator: obg
[8/1/2019 21:33:15] Henrique: achei
[8/1/2019 21:33:19] Henrique: 1321 1931 6
[8/1/2019 21:34:23] Administrator: ?D
[8/1/2019 21:34:25] Administrator: :D
[8/1/2019 21:44:28] Henrique: anihi fica em 31 150 9
[8/1/2019 21:44:45] Administrator: xD
[8/1/2019 22:41:3] Rakedz: stone wall in dp
[8/1/2019 22:43:11] Administrator: Removed
[8/1/2019 22:47:20] Skrey Westcoast: lol
[8/1/2019 22:47:23] Skrey Westcoast: cade
[8/1/2019 22:47:35] Skrey Westcoast: i leeg ?
[9/1/2019 1:33:42] Al Rashid: Boa noite, alguém online ?
[9/1/2019 1:51:44] Skrey Westcoast: eu
[9/1/2019 1:51:45] Skrey Westcoast: eu
[9/1/2019 1:51:50] Al Rashid: s
[9/1/2019 11:36:40] Santos: me ajuda eu não to conseguindo sair do lugar toda hora eu estou desconectando
[9/1/2019 11:36:43] Santos: good
[9/1/2019 11:39:29] Nao sei: agora to mutado
[9/1/2019 11:39:30] Nao sei: zZ
[9/1/2019 11:40:28] Administrator: PM só lvl 20+
[9/1/2019 11:41:0] Nao sei: Santos aqui , não sei oq ta acontecendo mas to mutado agora
[9/1/2019 11:41:7] Nao sei: ve lá pra min fazendo um favor
[9/1/2019 11:41:14] Nao sei: vo sair e vo te q deixar minha acc treinando
[9/1/2019 11:41:15] Nao sei: ?
[9/1/2019 11:48:46] Nao sei: eu fco mutado
[9/1/2019 11:48:49] Nao sei: ai eu healo
[9/1/2019 11:48:50] Nao sei: a mana
[9/1/2019 11:48:52] Nao sei: e trava
[9/1/2019 11:48:53] Nao sei: o.o
[9/1/2019 11:51:31] Maniipulador: sim lol
[9/1/2019 11:52:46] Administrator: VOu logar na acc p fazer uns testes
[9/1/2019 11:52:49] Administrator: /masterlogin Santos
[9/1/2019 11:54:19] Santos: oi
[9/1/2019 12:0:44] Administrator: s
[9/1/2019 12:0:47] Al Rashid: ok
[9/1/2019 12:0:51] Al Rashid: está travando amana
[9/1/2019 12:5:51] Henrique: Mudou de novo agora a parada é em cima das porcentagem ?kkk
[9/1/2019 12:6:10] Administrator: Eu dei um Rollback na distro
[9/1/2019 12:47:32] Administrator: 'd
[9/1/2019 14:20:47] Al Rashid: God
[9/1/2019 14:20:48] Al Rashid: on ?
[9/1/2019 18:26:43] Louco: preciso de ajuda
[9/1/2019 18:27:7] Louco: eu to com um error mto estranho
[9/1/2019 18:29:50] Santos: administrador ainda estou com o mesmo bug tem como me ajudar por favor ?
[9/1/2019 18:32:21] Santos: me ajudem por favor
[9/1/2019 18:33:56] Santos: bug kk
[9/1/2019 18:34:0] Santos: help
[1/8/2019 16:0:15] Louco: ADM da uma ajuda aq
[9/1/2019 18:54:31] Nao sei: algum adm pra me ajuda to bugado
[9/1/2019 18:54:32] Nao sei: ?
[9/1/2019 19:2:53] Santos: adm quando der me ajudaaq
[9/1/2019 19:12:59] Santos: ajuda aqui nesse bug
[9/1/2019 19:13:9] Santos: fico tomando dc toda hora
[9/1/2019 19:16:11] Santos: HELP PLEASE 
[9/1/2019 19:24:5] Diabolic Archer: my character is bugged
[9/1/2019 19:24:7] Diabolic Archer: my druid
