[30/12/2018 21:12:46] /masterlogin Nick
[30/12/2018 21:13:38] /masterlogin Account Manager
[30/12/2018 21:13:43] /masterlogin Paladin Sample
[30/12/2018 21:13:51] /masterlogin Nick do Jogador
[30/12/2018 21:13:58] /masterlogin que você quer
[1/1/2019 22:32:43] /a 4
[1/1/2019 22:32:53] /dosay Paladin Sample, sou gay...
[1/1/2019 22:32:56] ~ kk
[1/1/2019 22:32:58] ~ kkkkkkk
[1/1/2019 22:33:2] ~ asdasdsa
[1/1/2019 22:33:14] ~ Tinha que ter né
[1/1/2019 22:33:20] ~ Tinha que ter né
[1/1/2019 22:33:44] /goto 160, 54, 7
[1/1/2019 22:33:59] /a 5
[1/1/2019 22:34:1] /a 5
[1/1/2019 22:34:1] /a 5
[1/1/2019 22:34:2] /a 5
[1/1/2019 22:34:3] /a 5
[1/1/2019 22:34:3] /a 5
[1/1/2019 22:34:5] /a 5
[1/1/2019 22:34:5] /a 5
[1/1/2019 22:34:6] /a 5
[1/1/2019 22:34:6] /a 5
[1/1/2019 22:34:7] /a 5
[1/1/2019 22:34:8] /a 5
[1/1/2019 22:34:9] /a 5
[1/1/2019 22:34:10] /a 5
[1/1/2019 22:34:12] /a 10
[1/1/2019 22:34:13] /a 10
[1/1/2019 22:34:23] /c Paladin Sample
[1/1/2019 22:34:25] /c Paladin Sample
[1/1/2019 22:34:28] /c Paladin Sample
[1/1/2019 22:34:57] /addskill Paladin Sample, exp, 550
[1/1/2019 22:35:16] /a 4
[1/1/2019 22:36:17] /m Water Elemental
[1/1/2019 22:36:21] /m Hydros
[1/1/2019 22:36:28] /m Blastoise
[1/1/2019 22:36:29] /r
[1/1/2019 22:36:31] /r
[1/1/2019 22:36:32] /r
[1/1/2019 22:36:33] /r
[1/1/2019 22:36:41] /r
[1/1/2019 22:38:26] /a 1
[1/1/2019 22:43:6] /goto Paladin Sample
[1/1/2019 22:43:13] /t
[1/1/2019 22:43:49] /goto Paladin Sample
[1/1/2019 22:43:56] /t
[1/1/2019 22:44:0] /a 2
[1/1/2019 22:44:7] /a 2
[1/1/2019 22:46:24] /a 2
[1/1/2019 22:46:26] /a 2
[1/1/2019 22:46:28] /a 2
[1/1/2019 22:46:29] /a 2
[1/1/2019 22:46:30] /a 2
[1/1/2019 22:46:30] /a 2
[1/1/2019 22:46:31] /a 2
[1/1/2019 22:51:45] /attr group 8
[1/1/2019 22:52:26] /a 30
[1/1/2019 22:52:28] /a 30
[1/1/2019 22:52:31] /a 10
[1/1/2019 22:52:32] /a 10
[1/1/2019 22:52:35] /a 5
[1/1/2019 22:52:36] /down
[1/1/2019 22:52:38] /a 3
[1/1/2019 22:52:46] /c Sorcerer Sample
[1/1/2019 22:53:0] /addskill Sorcerer Sample, exp, 500
[1/1/2019 22:56:51] /clean 3
[1/1/2019 23:0:27] /reload talkactions
[1/1/2019 23:0:31] /changelevel 0
[1/1/2019 23:0:33] /changelevel 1
[1/1/2019 23:0:40] /changelevel 251
[1/1/2019 23:3:10] /reload talkactions
[1/1/2019 23:3:12] /changelevel 251
[1/1/2019 23:3:16] /changelevel 200
[1/1/2019 23:3:20] /changelevel 4
[1/1/2019 23:5:7] /reload talkactions
[1/1/2019 23:5:11] /changelevel 4
[1/1/2019 23:5:13] /up
[1/1/2019 23:5:14] /t
[1/1/2019 23:5:21] /goto 160, 54, 7
[1/1/2019 23:5:30] /goto Sorcerer Sample
[1/1/2019 23:6:8] /addskill Sorcerer Sample, exp, 500
[1/1/2019 23:6:17] /addskill Druid Sample, exp, 500
[1/1/2019 23:6:25] /changelevel 250
[1/1/2019 23:6:30] /changelevel 240
[1/1/2019 23:6:37] /changelevel 240
[1/1/2019 23:6:58] /attr group 9
[1/1/2019 23:7:0] /attr group 8
[1/1/2019 23:7:32] /changelevel 240
[1/1/2019 23:10:37] /t
[1/1/2019 23:10:42] /goto 160, 54, 7
[1/1/2019 23:10:46] /a 2
[2/1/2019 18:20:43] !tradeorbs Paladin Sample, 3
[2/1/2019 18:21:6] !tradeorbs Paladin Sample, 3
[2/1/2019 18:22:9] !tradeorbs Paladin Sample, 3
[2/1/2019 18:25:19] !tradeorbs Paladin Sample, 3
[2/1/2019 18:28:17] !tradeorbs Paladin Sample, 3
[2/1/2019 18:30:49] !tradeorbs Paladin Sample, 3
[2/1/2019 18:31:49] !tradeorbs Paladin Sample, 3
[2/1/2019 18:34:11] !tradeorbs Paladin Sample, 3
[3/1/2019 20:55:22] /changelevel 300
