[3/1/2019 13:49:14] /goto knight sample
[3/1/2019 13:53:3] /goto knight sample
[3/1/2019 13:53:10] /game
[3/1/2019 13:53:50] /game
[3/1/2019 13:54:16] /game
[3/1/2019 13:54:58] /i iridiun coin
[3/1/2019 13:55:13] /i 3240
[3/1/2019 13:55:18] /r
[3/1/2019 13:58:31] /i great mana potion
[3/1/2019 13:58:49] /game
[3/1/2019 13:58:53] /game
[3/1/2019 13:58:55] /game
[3/1/2019 13:58:57] /game
[3/1/2019 14:3:57] /i 8906
[3/1/2019 14:5:8] /attr set text description
[3/1/2019 14:6:20] /attr set text description
[3/1/2019 14:10:4] /info shield
[3/1/2019 14:11:34] !fishing
[3/1/2019 20:13:37] /goto 200, 54, 7
[3/1/2019 20:16:1] /up
[3/1/2019 20:17:35] /newtype 302
[3/1/2019 20:17:37] /newtype 303
[3/1/2019 20:17:39] /newtype 305
[3/1/2019 20:17:44] /newtype 302
[3/1/2019 20:17:47] /newtype 255
[3/1/2019 20:17:52] /newtype 254
[3/1/2019 20:17:54] /newtype 253
[3/1/2019 20:17:55] /newtype 252
[3/1/2019 20:17:57] /newtype 253
[3/1/2019 20:18:53] /up
[3/1/2019 20:18:54] /up
[3/1/2019 20:18:54] /up
[3/1/2019 20:18:55] /up
[3/1/2019 20:18:58] /ghost
[3/1/2019 20:19:0] /ghost
[3/1/2019 20:20:50] /down
[3/1/2019 20:20:51] /down
[3/1/2019 20:20:56] /down
[3/1/2019 20:21:1] /up
[3/1/2019 20:31:33] /b O.o
[3/1/2019 20:31:36] /bc oo
[3/1/2019 23:27:32] /cliport
[3/1/2019 23:27:58] /a
[3/1/2019 23:28:12] /a
[3/1/2019 23:28:43] /rename Kaqi Xugeu, [ADM]~Vinny
[3/1/2019 23:28:52] /rename Kaqi Xugeu, [ADM]-Vinny
[3/1/2019 23:28:59] /rename Kaqi Xugeu, Vinny
