[6/1/2019 4:5:59] !fishing
[6/1/2019 4:6:6] !fishing info
[6/1/2019 4:6:12] !fishing info
[6/1/2019 4:6:23] !fishing show
[6/1/2019 4:6:37] !fishing
[6/1/2019 6:23:2] !fishing
[6/1/2019 6:23:17] /fishing
[6/1/2019 6:23:21] /fishing show
[6/1/2019 6:23:33] !fishing
[6/1/2019 6:23:39] /fishing info
[6/1/2019 6:23:49] /fishing enable
[6/1/2019 6:24:6] /fishing enable monsters 
[7/1/2019 3:42:8] !fishing
[7/1/2019 3:42:14] !fishing info
[7/1/2019 3:42:26] /fishing info
[7/1/2019 3:42:38] /fishing show
[7/1/2019 19:36:25] !fishing
[7/1/2019 19:36:28] /fishing
[7/1/2019 19:36:30] /fishing info
[7/1/2019 19:36:34] /fishing info
[7/1/2019 19:36:43] /fishing info
[7/1/2019 19:36:56] /fishing info
[7/1/2019 19:37:5] /fishing show
