[31/12/2018 20:40:35] /a 2
[31/12/2018 20:40:41] /attr group 9
[31/12/2018 20:40:43] /attr group 8
[31/12/2018 20:40:48] /promote Sorcerer Sample
[31/12/2018 20:40:49] /promote Sorcerer Sample
[31/12/2018 20:41:24] /reload talkactions
[31/12/2018 20:41:34] /reload creaturescripts
[31/12/2018 20:44:11] /reload creaturescripts
[31/12/2018 20:45:31] /reload creaturescripts
[31/12/2018 20:45:50] /reload creaturescripts
[31/12/2018 20:46:8] !tradeorbs Sorcerer Sample, 3
[31/12/2018 20:48:18] !tradeorbs Knight Sample, 2
[31/12/2018 20:49:51] /reload  creaturescripts
[31/12/2018 20:49:56] !tradeorbs Knight Sample, 2
[31/12/2018 20:52:23] /reload creaturescripts
[31/12/2018 20:52:28] !tradeorbs Knight Sample, 2
[31/12/2018 20:52:39] /reload creaturescripts
[31/12/2018 20:56:41] !tradeorbs Knight Sample, 3
[31/12/2018 20:58:15] /goto 160, 54, 7
[31/12/2018 21:3:34] /down
[31/12/2018 21:5:42] /bc REOBOOT!
[31/12/2018 21:9:41] /reload creaturescripts
[31/12/2018 21:10:1] !tradeorbs Knight Sample, 8
[31/12/2018 21:10:4] !tradeorbs Knight Sample, 10
[31/12/2018 21:11:12] /reload creaturescripts
[31/12/2018 21:11:14] !tradeorbs Knight Sample, 10
[31/12/2018 21:11:17] !tradeorbs Knight Sample, 8
[31/12/2018 21:13:44] /reload creaturescripts
[31/12/2018 21:13:46] !tradeorbs Knight Sample, 8
[31/12/2018 21:19:28] /reload creaturescripts
[31/12/2018 21:19:38] /tradeorbs Sorcerer Sample, 10
[31/12/2018 21:19:40] /tradeorbs Sorcerer Sample, 8
[31/12/2018 21:20:14] /tradeorbs Sorcerer Sample, 8
[31/12/2018 21:20:41] /i 2160
[31/12/2018 21:20:42] /i 2160
[31/12/2018 21:20:45] /i 2160
[31/12/2018 21:20:46] /i 2160
[31/12/2018 21:20:46] /i 2160
[31/12/2018 21:20:47] /i 2160
[31/12/2018 21:20:47] /i 2160
[31/12/2018 21:20:48] /i 2160
[31/12/2018 21:20:48] /i 2160
[31/12/2018 21:20:49] /i 2160
[31/12/2018 21:20:49] /i 2160
[31/12/2018 21:20:50] /i 2160
[31/12/2018 21:20:50] /i 2160
[31/12/2018 21:20:51] /i 2160
[31/12/2018 21:20:51] /i 2160
[31/12/2018 21:20:52] /i 2160
[31/12/2018 21:20:55] /tradeorbs Sorcerer Sample, 8
[31/12/2018 21:21:9] /tradeorbs Sorcerer Sample, 8
[31/12/2018 21:22:20] /reload creaturescripts
[31/12/2018 21:22:22] /tradeorbs Sorcerer Sample, 8
[31/12/2018 21:23:28] /reload creaturescripts
[31/12/2018 21:23:30] /tradeorbs Sorcerer Sample, 8
[31/12/2018 21:23:46] /tradeorbs Sorcerer Sample, 8
[31/12/2018 21:23:58] /tradeorbs Sorcerer Sample, 3
[31/12/2018 21:24:30] /tradeorbs Sorcerer Sample, 3
[31/12/2018 21:24:50] /tradeorbs Sorcerer Sample, 0
[31/12/2018 21:43:38] /reload talkactions
[31/12/2018 21:45:55] /reload talkactions
[31/12/2018 21:47:22] /reload talkactions
[31/12/2018 21:48:57] /reload talkactions
[31/12/2018 21:54:30] /reload talkactions
[31/12/2018 21:57:33] /newtype Sorcerer Sample, 111
[31/12/2018 21:57:46] /newtype 111, Sorcerer Sample
[31/12/2018 22:0:44] /addskill Sorcerer Sample, exp 1
[31/12/2018 22:0:50] /addskill Sorcerer Sample, exp 1
[31/12/2018 22:6:20] /i lever
[31/12/2018 22:6:25] /r
[31/12/2018 22:6:27] /r
[31/12/2018 22:7:41] /reload monsters
[31/12/2018 22:8:8] /reload monsters
[31/12/2018 22:8:12] /m Furious Wolf
[31/12/2018 22:8:18] /m Furious Bear
[31/12/2018 22:8:21] /m furious bear
[31/12/2018 22:8:47] /m Ferocious Wolf
[31/12/2018 22:9:21] /m Ferocious Bear
[31/12/2018 22:9:27] /m ferocious bear
[31/12/2018 22:10:24] /reload monsters
[31/12/2018 22:10:26] /m rat
[31/12/2018 22:10:29] /m ferocious bera
[31/12/2018 22:10:31] /m ferocious bear
[31/12/2018 22:11:23] /reload monsters
[31/12/2018 22:11:25] /m ferocious bear
[31/12/2018 22:11:27] /m ferocious wolf
[31/12/2018 22:16:21] /goto Ferocious Wolf
[31/12/2018 22:16:25] /m Crazy Dog
[31/12/2018 22:16:32] /m Demon Lord
[31/12/2018 22:17:52] /t
[31/12/2018 22:17:56] /goto 160,54,7
[31/12/2018 22:19:45] /m Sibang Overlord
[31/12/2018 22:20:7] /r
[31/12/2018 22:20:11] /goto Sibang Overlord
[31/12/2018 22:20:15] /goto Rotworm
[31/12/2018 22:20:18] /up
[31/12/2018 22:20:24] /goto Knight Sample
[31/12/2018 22:20:53] /m Dragon Overlord
[31/12/2018 22:20:59] /m Dragon Ovelord
[31/12/2018 22:21:6] /r
[31/12/2018 22:22:55] /reload monsters
[31/12/2018 22:23:1] /goto enranged sibang
[31/12/2018 22:23:7] /m Enranged Sibang
[31/12/2018 22:23:9] /r
[31/12/2018 22:24:39] /m rat
[31/12/2018 22:24:46] /reload monsters
[31/12/2018 22:24:50] /reload powered dragon
[31/12/2018 22:24:53] /reload empowered dragon
[31/12/2018 22:25:2] /m Empowered Dragon
[31/12/2018 22:25:9] /r
[31/12/2018 22:25:11] /r
[31/12/2018 22:26:47] /reload monsters
[31/12/2018 22:26:52] /m enraged sibang
[31/12/2018 22:26:57] /r
[31/12/2018 22:27:23] /reload monsters
[31/12/2018 22:32:27] /r
[31/12/2018 22:32:31] /t
[31/12/2018 22:32:36] /c Knight Sample
[31/12/2018 22:33:42] /goto 160, 54, 7
[31/12/2018 22:34:27] /addskill Knight Sample, exp 140
[31/12/2018 22:34:32] /addskill Knight Sample, exp 140
[31/12/2018 22:34:37] /addskill Knight Sample, exp, 140
[31/12/2018 22:42:16] /reload spells
[31/12/2018 22:42:51] /reload spells
[31/12/2018 22:43:43] /m Trainer
[31/12/2018 22:44:13] /c Trainer
[31/12/2018 22:45:28] /r
[31/12/2018 22:45:39] /m Trainer
[31/12/2018 22:47:10] /goto 160, 54,7 
[31/12/2018 22:48:9] /r
[31/12/2018 22:48:43] /i gold coin
[31/12/2018 22:49:56] /attr group 9
[31/12/2018 22:50:4] /attr group 9
[31/12/2018 22:50:19] /m rat
[31/12/2018 22:58:56] /itemfor Knight Sample, 2160, 1
[31/12/2018 22:59:7] /itemfor Paladin Sample, 2160, 1
[31/12/2018 22:59:17] /itemforall 2160, 2
[31/12/2018 22:59:34] !vipmanager
[31/12/2018 22:59:55] !tradeorbs Knight Sample, 14
[31/12/2018 23:0:14] !tradeorbs Knight Sample, 14
[31/12/2018 23:4:9] /reload creaturescripts
[31/12/2018 23:4:12] /c Knight Sample
[31/12/2018 23:4:15] /c Knight Sample
[31/12/2018 23:4:19] /attr group 9
[31/12/2018 23:4:24] /attr group 9
[31/12/2018 23:5:0] /goto Knight Sample
[31/12/2018 23:5:8] /reload creaturescripts
[31/12/2018 23:5:16] /tradeorbs Knight Sample, 14
[31/12/2018 23:5:42] /tradeorbs Knight Sample, 1
[31/12/2018 23:6:37] /say Knight Sample, eu quem sou!
[31/12/2018 23:6:45] /dosay Knight Sample, eu quem sou!
[31/12/2018 23:14:27] /reload items
[31/12/2018 23:14:31] /i 7722
[1/1/2019 14:37:11] /i 2590
[1/1/2019 14:37:16] /r
[1/1/2019 14:39:33] /t
[1/1/2019 14:39:37] /goto 160, 54, 7
[1/1/2019 14:39:43] /i 2160
[1/1/2019 14:39:50] /clean
[1/1/2019 14:40:24] /i 426
[1/1/2019 14:40:29] /i 426
[1/1/2019 14:40:37] /i 426
[1/1/2019 14:40:42] /i 426
[1/1/2019 14:40:46] /clean
[1/1/2019 14:40:49] /clean
[1/1/2019 14:40:51] /i 426
[1/1/2019 14:40:57] /clean
[1/1/2019 14:41:5] /i 426
[1/1/2019 14:41:14] /t
[1/1/2019 14:41:23] /goto 0, 0, 0
[1/1/2019 15:2:8] /reload monsters
[1/1/2019 15:53:9] /goto 160,54,7
[1/1/2019 15:53:12] /n Kael'Thas
[1/1/2019 15:53:14] /n Kael'Thas
[1/1/2019 15:53:19] /n kaelthas
[1/1/2019 15:53:21] /n kael'thas
[1/1/2019 15:53:53] /n kaelthas
[1/1/2019 15:54:8] /n rat
[1/1/2019 15:54:47] /up 2
[1/1/2019 15:55:40] /t
[1/1/2019 15:55:46] /t
[1/1/2019 15:56:26] /t
[1/1/2019 15:56:47] /down 2
[1/1/2019 15:56:52] /down
[1/1/2019 16:36:37] /goto Training Monk
[1/1/2019 16:36:45] /goto 160 54 7
[1/1/2019 16:36:49] /m Trainer
[1/1/2019 16:36:58] /goto Trainer
[1/1/2019 16:37:0] /t
[1/1/2019 16:37:55] /reload globalevents
[1/1/2019 16:37:58] /goto 160, 54, 7
[1/1/2019 16:38:29] /reload globalevents
[1/1/2019 16:38:37] /reload globalevents
[1/1/2019 16:38:49] /reload globalevents
[1/1/2019 16:39:5] /reload globalevents
[1/1/2019 16:39:19] /reload globalevents
[1/1/2019 16:39:31] /reload globalevents
[1/1/2019 16:39:46] /reload globalevents
[1/1/2019 16:39:56] /reload globalevents
[1/1/2019 16:40:34] /reload globalevents
[1/1/2019 16:40:57] /reload globalevents
[1/1/2019 16:41:14] /reload globalevents
[1/1/2019 16:41:31] /reload globalevents
[1/1/2019 16:41:47] /reload globalevents
[1/1/2019 16:41:59] /reload globalevents
[1/1/2019 16:42:14] /reload globalevents
[1/1/2019 16:42:27] /reload globalevents
[1/1/2019 16:42:41] /reload globalevents
[1/1/2019 16:42:53] /reload globalevents
[1/1/2019 16:43:8] /reload globalevents
[1/1/2019 16:43:21] /reload globalevents
[1/1/2019 16:43:33] /reload globalevents
[1/1/2019 16:43:55] /reload globalevents
[1/1/2019 16:44:11] /reload globalevents
[1/1/2019 16:44:32] /reload globalevents
[1/1/2019 16:49:14] /reload globalevents
[1/1/2019 16:49:43] /goto 75, 473, 12
[1/1/2019 16:49:47] /goto 75, 473, 12
[1/1/2019 16:49:50] /goto 75, 474, 12
[1/1/2019 16:51:5] /goto 160, 54, 7
[1/1/2019 16:51:18] /reload globalevents
[1/1/2019 16:51:35] /reload globalevents
[1/1/2019 16:52:50] /reload globalevents
[1/1/2019 16:54:32] /reload globalevents
[1/1/2019 16:58:14] /say o
[1/1/2019 16:58:20] /say o
[1/1/2019 16:58:38] /say os
[1/1/2019 16:58:50] /say os
[1/1/2019 17:0:21] /reload talkactions
[1/1/2019 17:0:23] /say exori
[1/1/2019 17:0:29] /say Paladin Sample, exura
[1/1/2019 17:0:31] /say Paladin Sample, exura
[1/1/2019 17:0:31] /say Paladin Sample, exura
[1/1/2019 17:0:44] /say Paladin Sample, Light Healing
[1/1/2019 17:0:47] /say Paladin Sample, Light Healing
[1/1/2019 17:0:55] /say Paladin Sample, exori
[1/1/2019 17:1:13] /say Paladin Sample, Find Person "Paladin Sample
[1/1/2019 17:1:19] /say Paladin Sample, Find Person
[1/1/2019 17:2:3] /say Paladin Sample, Chameleon
[1/1/2019 17:2:16] /say Paladin Sample, Magic Rope
[1/1/2019 17:2:31] /say Paladin Sample, exori gran mort grav
[1/1/2019 17:2:43] /say Paladin Sample, Grav Mort
[1/1/2019 17:2:46] /say Paladin Sample, Grav Mort
[1/1/2019 17:2:50] /say Paladin Sample, Grav Mort
[1/1/2019 17:2:58] /say Paladin Sample, Grav Mort
[1/1/2019 17:3:3] /say Paladin Sample, Grav Mort
[1/1/2019 17:3:5] /say Paladin Sample, Grav Mort
[1/1/2019 17:3:6] /say Paladin Sample, Grav Mort
[1/1/2019 17:3:8] /say Paladin Sample, Grav Mort
[1/1/2019 17:3:9] /say Paladin Sample, Grav Mort
[1/1/2019 17:3:14] /say Paladin Sample, Exevo Mana
[1/1/2019 17:3:49] ~ xd
[1/1/2019 17:3:53] ~ kk
[1/1/2019 17:3:56] ~ asdasuhdausd
[1/1/2019 17:4:0] ~ oi
[1/1/2019 17:4:4] ~ Olá
[1/1/2019 17:4:7] /ghost
[1/1/2019 17:4:8] ~ Olá
[1/1/2019 17:4:15] ~ Está aí?
[1/1/2019 17:4:16] ~ Está aí?
[1/1/2019 17:4:17] ~ Está aí?
[1/1/2019 17:4:18] ~ Está aí?
[1/1/2019 17:4:19] ~ Está aí?
[1/1/2019 17:4:20] ~ Está aí?
[1/1/2019 17:4:21] ~ Está aí?
[1/1/2019 17:4:22] ~ Está aí?
[1/1/2019 17:4:22] ~ Está aí?
[1/1/2019 17:56:11] /reload spells
[1/1/2019 17:56:16] /goto 160, 54, 7
[1/1/2019 17:56:19] /c Druid Sample
[1/1/2019 17:56:29] /reload spells
[1/1/2019 17:56:32] /reload spells
[1/1/2019 17:56:35] /reload spells
[1/1/2019 17:56:36] /reload spells
[1/1/2019 17:56:45] /reload spells
[1/1/2019 17:57:27] /goto Druid Sample
[1/1/2019 17:57:34] /goto Sorcerer Sample
[1/1/2019 18:1:58] /reload spells
[1/1/2019 18:4:37] /reload spells
[1/1/2019 18:4:59] /reload spells
[1/1/2019 18:7:25] /reload spells
[1/1/2019 18:7:49] /attr group 9
[1/1/2019 18:8:21] /goto 160, 54, 7
[1/1/2019 18:8:26] /c Sorcerer Sample
[1/1/2019 18:25:50] /reload talkactions
[1/1/2019 18:25:54] /i 2160
[1/1/2019 18:26:16] /reload talkactions
[1/1/2019 18:26:18] /i 2160
[1/1/2019 18:27:9] /reload talkactions
[1/1/2019 18:27:11] /i 2160
[1/1/2019 18:27:25] /i 2647
[1/1/2019 18:28:26] /reload talkactions
[1/1/2019 18:28:28] /i 2647
[1/1/2019 18:29:22] /reload talkactions
[1/1/2019 18:29:25] /i 2647
[1/1/2019 18:30:38] /i 9439
[1/1/2019 18:30:48] /r
[1/1/2019 18:37:29] /reload talkactions
[1/1/2019 18:39:25] /reload talkactions
[1/1/2019 18:39:56] /reload talkactions
[1/1/2019 18:41:7] /reload talkactions
[1/1/2019 18:41:20] /reload talkactions
[1/1/2019 18:42:45] /reload talkactions
[1/1/2019 18:43:4] /reload talkactions
[1/1/2019 18:44:23] /reload talkactions
[1/1/2019 18:44:47] /reload talkactions
[1/1/2019 18:44:58] !fishing
[1/1/2019 18:45:14] !fishing
[1/1/2019 18:47:22] /save
[1/1/2019 18:48:29] /owner Paladin Sample
[1/1/2019 18:48:30] /t
[1/1/2019 18:48:35] /goto Sorcerer Sample
[1/1/2019 18:48:55] /owner Sorcerer Sample
[1/1/2019 18:49:16] /goto sorcerer sample
[1/1/2019 18:49:44] /t Sorcerer Sample
[1/1/2019 18:49:44] /t
[1/1/2019 18:50:10] /goto 160, 54, 7
[1/1/2019 18:50:15] /c Sorcerer Sample
[1/1/2019 18:52:49] /goto Sorcerer Sample
[1/1/2019 18:52:59] /up
[1/1/2019 18:53:16] /m Rat
[1/1/2019 18:53:20] /r
[1/1/2019 18:53:40] /attr health -999999
[1/1/2019 18:56:53] /up
[1/1/2019 18:57:14] /attr health -99999
[1/1/2019 18:57:16] /attr health -999999
[1/1/2019 18:57:26] /attr health -999999
[1/1/2019 18:58:2] /t
[1/1/2019 18:58:9] /goto 160, 54, 7
[1/1/2019 18:58:28] /goto Sorcerer Sanple
[1/1/2019 18:58:43] /dosay Sorcerer Sample, sou gay e amo uma rola
[1/1/2019 18:58:46] /dosay Sorcerer Sample, sou gay e amo uma rola
[1/1/2019 18:58:47] /dosay Sorcerer Sample, sou gay e amo uma rola
[1/1/2019 18:58:49] /dosay Sorcerer Sample, sou gay e amo uma rola
[1/1/2019 18:58:49] /dosay Sorcerer Sample, sou gay e amo uma rola
[1/1/2019 18:58:50] /dosay Sorcerer Sample, sou gay e amo uma rola
[1/1/2019 18:58:51] /dosay Sorcerer Sample, sou gay e amo uma rola
[1/1/2019 18:59:10] /say Sorcerer Sample, Mas Vis
[1/1/2019 18:59:11] /say Sorcerer Sample, Mas Vis
[1/1/2019 18:59:16] /say Sorcerer Sample, Grav Mort
[1/1/2019 18:59:19] /say Sorcerer Sample, Grav Mort
[1/1/2019 18:59:20] /say Sorcerer Sample, Grav Mort
[1/1/2019 18:59:20] /say Sorcerer Sample, Grav Mort
[1/1/2019 18:59:22] /say Sorcerer Sample, Grav Mort
[1/1/2019 19:0:49] /reload talkactions
[1/1/2019 19:0:51] /say Sorcerer Sample, Grav Mort
[1/1/2019 19:0:52] /say Sorcerer Sample, Grav Mort
[1/1/2019 19:0:52] /say Sorcerer Sample, Grav Mort
[1/1/2019 19:0:53] /say Sorcerer Sample, Grav Mort
[1/1/2019 19:0:53] /say Sorcerer Sample, Grav Mort
[1/1/2019 19:0:54] /say Sorcerer Sample, Grav Mort
[1/1/2019 19:0:54] /say Sorcerer Sample, Grav Mort
[1/1/2019 19:0:55] /say Sorcerer Sample, Grav Mort
[1/1/2019 19:0:56] /say Sorcerer Sample, Grav Mort
[1/1/2019 19:0:57] /say Sorcerer Sample, Grav Mort
[1/1/2019 19:1:0] /say Sorcerer Sample, Grav Mort
[1/1/2019 19:1:1] /say Sorcerer Sample, Grav Mort
[1/1/2019 19:1:6] /say Sorcerer Sample, Grav Mort
[1/1/2019 19:1:7] /say Sorcerer Sample, Grav Mort
[1/1/2019 19:1:8] /say Sorcerer Sample, Grav Mort
[1/1/2019 19:1:9] /say Sorcerer Sample, Grav Mort
[1/1/2019 19:1:9] /say Sorcerer Sample, Grav Mort
[1/1/2019 19:1:10] /say Sorcerer Sample, Grav Mort
[1/1/2019 19:1:10] /say Sorcerer Sample, Grav Mort
[1/1/2019 19:1:11] /say Sorcerer Sample, Grav Mort
[1/1/2019 19:1:11] /say Sorcerer Sample, Grav Mort
[1/1/2019 19:1:12] /say Sorcerer Sample, Grav Mort
[1/1/2019 19:1:13] /say Sorcerer Sample, Grav Mort
[1/1/2019 19:1:18] /say Sorcerer Sample, Grav Mort
[1/1/2019 19:1:18] /say Sorcerer Sample, Grav Mort
[1/1/2019 19:1:19] /say Sorcerer Sample, Grav Mort
[1/1/2019 19:1:20] /say Sorcerer Sample, Grav Mort
[1/1/2019 19:1:42] /say Sorcerer Sample, Grav Mort
[1/1/2019 19:1:43] /say Sorcerer Sample, Grav Mort
[1/1/2019 19:1:44] /say Sorcerer Sample, Grav Mort
[1/1/2019 19:1:45] /say Sorcerer Sample, Grav Mort
[1/1/2019 19:1:47] /say Sorcerer Sample, Grav Mort
[1/1/2019 19:1:48] /say Sorcerer Sample, Grav Mort
[1/1/2019 19:1:49] /say Sorcerer Sample, Grav Mort
[1/1/2019 19:1:49] /say Sorcerer Sample, Grav Mort
[1/1/2019 19:1:50] /say Sorcerer Sample, Grav Mort
[1/1/2019 19:1:55] /say Sorcerer Sample, Grav Mort
[1/1/2019 19:1:56] /say Sorcerer Sample, Grav Mort
[1/1/2019 19:1:58] /say Sorcerer Sample, Grav Mort
[1/1/2019 19:6:21] /reload spells
[1/1/2019 19:7:58] /reload spells
[1/1/2019 19:8:9] /c Sorcerer Sample
[1/1/2019 19:8:49] /m Rat
[1/1/2019 19:9:22] /say Sorcerer Sample, Grav Mort
[1/1/2019 19:9:28] /say Sorcerer Sample, Grav Mort
[1/1/2019 19:9:29] /say Sorcerer Sample, Grav Mort
[1/1/2019 19:9:54] /s Rat
[1/1/2019 19:10:48] /r
[1/1/2019 19:10:50] /r
[1/1/2019 19:12:47] /reload spells
[1/1/2019 19:13:20] /reload spells
[1/1/2019 19:13:30] /attr health -10000
[1/1/2019 19:13:33] /attr health -10000
[1/1/2019 19:13:35] /attr health -100000
[1/1/2019 19:14:33] /attr health -999999
[1/1/2019 19:14:37] /m Dragon
[1/1/2019 19:15:48] /m Demon
[1/1/2019 19:17:8] /reload spells
[1/1/2019 19:17:28] /reload spells
[1/1/2019 19:18:43] /reload spells
[1/1/2019 19:19:17] /reload spells
[1/1/2019 19:21:39] /reload spells
[1/1/2019 19:22:21] /reload spells
[1/1/2019 19:22:57] /reload spells
[1/1/2019 19:24:4] /say Paladin Sample, diablo flam
[1/1/2019 19:24:5] /say Paladin Sample, diablo flam
[1/1/2019 19:24:6] /say Paladin Sample, diablo flam
[1/1/2019 19:24:7] /say Paladin Sample, diablo flam
[1/1/2019 19:24:7] /say Paladin Sample, diablo flam
[1/1/2019 19:24:9] /say Paladin Sample, diablo flam
[1/1/2019 19:26:22] /say Paladin Sample, diablo flam
[1/1/2019 19:26:28] /say Paladin Sample, diablo flam
[1/1/2019 19:26:33] /say Paladin Sample, diablo flam
[1/1/2019 19:31:0] /c Druid Sample
[1/1/2019 19:31:14] /reload talkactions
[1/1/2019 19:33:14] /reload talkactions
[1/1/2019 19:33:59] /reload talkactions
[1/1/2019 19:34:29] /goto 160, 54, 7
[1/1/2019 19:36:25] /goto 160, 54, 7
[1/1/2019 19:41:0] /i torch
[1/1/2019 19:41:16] /i candelabrum
[1/1/2019 19:41:33] /attr basespeed 0
[1/1/2019 19:41:43] /attr basespeed 1
[1/1/2019 19:41:45] /attr basespeed 1
[1/1/2019 19:41:48] /attr basespeed 1
[1/1/2019 19:41:52] /attr basespeed 999
[1/1/2019 19:41:56] /attr basespeed 9999
[1/1/2019 19:43:0] /r
[1/1/2019 19:43:1] /r
[1/1/2019 21:1:7] /goto 160, 54, 7
[1/1/2019 21:6:39] /reload  movements
[1/1/2019 21:8:14] /reload  movements
[1/1/2019 21:9:13] /reload  movements
[1/1/2019 21:10:25] /reload  movements
[1/1/2019 21:10:45] /reload  movements
[1/1/2019 21:11:54] /reload  movements
[1/1/2019 21:15:3] /reload movements
[1/1/2019 21:15:32] /reload movements
[1/1/2019 21:16:33] /reload movements
[1/1/2019 21:16:53] /reload movements
[1/1/2019 22:6:43] /reload movements
[1/1/2019 22:7:6] /up
[1/1/2019 22:32:22] /attr group 9
[1/1/2019 22:32:39] /attr group 9
[1/1/2019 22:33:18] /goto druid sample
[1/1/2019 22:33:37] /a 
[1/1/2019 22:33:52] /goto druid sample
[1/1/2019 22:33:57] /t
[1/1/2019 22:33:58] /goto druid sample
[1/1/2019 22:34:1] /goto druid sample
[1/1/2019 22:34:5] /goto druid sample
[1/1/2019 22:34:6] /goto druid sample
[1/1/2019 22:34:10] /a 2
[1/1/2019 22:34:11] /a 2
[1/1/2019 22:34:12] /a 3
[1/1/2019 22:34:13] /a 3
[1/1/2019 22:34:14] /a 3
[1/1/2019 22:34:15] /a 3
[1/1/2019 22:34:17] /a 8
[1/1/2019 22:34:18] /a 8
[1/1/2019 22:34:19] /a 8
[1/1/2019 22:34:20] /a 8
[1/1/2019 22:34:22] /a 8
[1/1/2019 22:34:23] /a 8
[1/1/2019 22:34:24] /a 8
[1/1/2019 22:34:26] /a 8
[1/1/2019 22:34:28] /a 8
[1/1/2019 22:35:20] /a 2
[1/1/2019 22:36:23] /s triton
[1/1/2019 22:36:38] /s sobek
[1/1/2019 22:37:25] /s kraken
[1/1/2019 22:37:29] /r
[1/1/2019 22:37:45] /m 7999
[1/1/2019 22:39:29] /newtype 22
[1/1/2019 22:39:32] /newtype 302
[1/1/2019 22:41:0] /r
[1/1/2019 22:41:11] /m rotworm
[1/1/2019 22:41:25] /m rotworm
[1/1/2019 22:41:29] /r
[1/1/2019 22:41:31] /r
[1/1/2019 22:41:32] /r
[1/1/2019 22:41:34] /r
[1/1/2019 22:41:46] /up
[1/1/2019 22:44:44] /c druid sample
[1/1/2019 22:47:24] /c sorcerer sample
[1/1/2019 22:47:27] /c sorcerer sample
[1/1/2019 22:47:36] /attr group 9
[1/1/2019 22:48:19] /m chain armor
[1/1/2019 22:48:20] /m chain armor
[1/1/2019 22:49:14] /i chain armor
[1/1/2019 23:15:8] /goto Sorcerer Sample
[1/1/2019 23:20:16] ~ ll
[1/1/2019 23:21:32] /dosay Sorcerer Sample, vou aki na frente dar o cu
[1/1/2019 23:21:40] /dosay Sorcerer Sample, e volta para edita
[1/1/2019 23:21:43] /dosay Sorcerer Sample, e volta para edita
[1/1/2019 23:21:45] /dosay Sorcerer Sample, vou aki na frente dar o cu
[1/1/2019 23:21:46] /dosay Sorcerer Sample, e volta para edita
[1/1/2019 23:21:56] /a 2
[1/1/2019 23:22:19] /attr group 9
[2/1/2019 2:38:24] /t
[2/1/2019 2:38:26] /town 1
[2/1/2019 2:38:28] /town 2
[2/1/2019 2:38:29] /town 3
[2/1/2019 2:38:30] /town 4
[2/1/2019 2:38:31] /town 5
[2/1/2019 2:38:32] /town 6
[2/1/2019 2:38:34] /town 0
[2/1/2019 2:38:35] /town 7
[2/1/2019 2:38:37] /town 8
[2/1/2019 2:38:41] /goto 160, 54, 7
[2/1/2019 2:40:1] /n kaelthas
[2/1/2019 2:41:2] /n kaelthas
[2/1/2019 2:45:12] /reload talkactions
[2/1/2019 2:45:30] /n kaelthas
[2/1/2019 2:45:45] /reload talkactions
[2/1/2019 2:45:49] /n kaelthas
[2/1/2019 2:46:8] /m kaelthas
[2/1/2019 2:46:15] /m kaelthas
[2/1/2019 2:46:18] /n kaelthas
[2/1/2019 2:48:8] /n sample
[2/1/2019 2:48:58] /n sample, Paladin Sample
[2/1/2019 2:49:6] /n sample, Paladin Sample
[2/1/2019 2:49:9] /n sample
[2/1/2019 2:52:26] /reload talkactions
[2/1/2019 2:52:30] /n sample
[2/1/2019 2:52:33] /n kaelthas
[2/1/2019 2:52:55] /goto 160 54 7
[2/1/2019 2:52:59] /goto 160 ,54, 7
[2/1/2019 2:53:2] /m rat
[2/1/2019 2:53:36] /n sample
[2/1/2019 2:55:2] /reload npc
[2/1/2019 2:55:5] /n sample
[2/1/2019 2:55:44] /n trader
[2/1/2019 2:56:49] /reload npcs
[2/1/2019 2:56:51] /n trader
[2/1/2019 2:56:58] /r
[2/1/2019 2:57:3] /n Kael'thas
[2/1/2019 2:57:6] /n kaelthas
[2/1/2019 2:57:10] /n sample
[2/1/2019 2:57:16] /r
[2/1/2019 2:57:46] /n kaelthas
[2/1/2019 2:58:19] /reload npc
[2/1/2019 2:58:21] /n kaelthas
[2/1/2019 2:58:35] /r
[2/1/2019 2:58:38] /r
[2/1/2019 2:59:47] /reload npc
[2/1/2019 2:59:50] /n kaelthas
[2/1/2019 2:59:54] /r
[2/1/2019 3:0:17] /n trade
[2/1/2019 3:0:20] /n trader
[2/1/2019 3:0:29] /goto trader
[2/1/2019 3:0:34] /goto Kael'Thas
[2/1/2019 3:1:56] /reload npc
[2/1/2019 3:2:21] /reload npc
[2/1/2019 3:3:35] /r
[2/1/2019 3:3:48] /newtype 1
[2/1/2019 3:3:49] /newtype 2
[2/1/2019 3:3:50] /newtype 3
[2/1/2019 3:3:51] /newtype 5
[2/1/2019 3:3:52] /newtype 6
[2/1/2019 3:3:54] /newtype 8
[2/1/2019 3:4:12] /newtype 35
[2/1/2019 3:4:34] /reload npc
[2/1/2019 3:4:47] /n trader
[2/1/2019 3:7:12] /reload npc
[2/1/2019 3:11:13] /reload npc
[2/1/2019 3:12:17] /n pumin
[2/1/2019 3:12:22] /r
[2/1/2019 3:17:44] /reload npc
[2/1/2019 3:17:48] /n pumin
[2/1/2019 3:18:1] /r
[2/1/2019 3:19:49] /n lupus
[2/1/2019 3:21:25] /reload npc
[2/1/2019 3:21:29] /n dove
[2/1/2019 3:21:33] /n dark rodo
[2/1/2019 3:21:42] /n Dark Rodo
[2/1/2019 3:22:12] /reload npc
[2/1/2019 3:22:14] /n Dark Rodo
[2/1/2019 3:22:29] /n Dove
[2/1/2019 3:23:56] /reload npc
[2/1/2019 3:24:2] /n riona
[2/1/2019 3:24:4] /n Riona
[2/1/2019 3:24:6] /r
[2/1/2019 3:24:7] /r
[2/1/2019 3:24:13] /n Riona
[2/1/2019 3:24:30] /t
[2/1/2019 3:24:35] /goto 160, 54, 7
[2/1/2019 3:24:46] /n Soya
[2/1/2019 3:24:55] /reload npc
[2/1/2019 3:24:58] /n Soya
[2/1/2019 3:25:19] /n Soya
[2/1/2019 3:25:57] /n Lola
[2/1/2019 3:26:2] /reload npc
[2/1/2019 3:26:3] /n Lola
[2/1/2019 3:26:37] /reload npc
[2/1/2019 3:26:39] /n Perac
[2/1/2019 3:26:47] /n Lector
[2/1/2019 3:28:17] /n Magnus
[2/1/2019 3:28:27] /r
[2/1/2019 3:28:38] /reload npc
[2/1/2019 3:28:40] /n Maya
[2/1/2019 3:28:46] /r
[2/1/2019 3:30:40] /reload npc
[2/1/2019 3:31:21] /reload npc
[2/1/2019 3:31:29] /n bankman billy
[2/1/2019 3:31:43] /r
[2/1/2019 3:36:25] /t
[2/1/2019 3:36:29] /goto 160, 54, 7
[2/1/2019 3:36:46] /reload talkactions
[2/1/2019 3:46:32] /t
[2/1/2019 3:46:55] /t
[2/1/2019 3:47:26] /t
[2/1/2019 3:47:34] /t
[2/1/2019 3:47:45] /t
[2/1/2019 3:47:50] /t
[2/1/2019 3:48:2] /goto druid sample
[2/1/2019 3:48:37] /m triton
[2/1/2019 3:48:41] /t
[2/1/2019 3:48:50] /r
[2/1/2019 3:49:51] /down
[2/1/2019 3:49:52] /down
[2/1/2019 3:49:53] /down
[2/1/2019 3:49:56] /up
[2/1/2019 3:49:56] /up
[2/1/2019 3:49:57] /up
[2/1/2019 3:50:21] /goto 200, 54 7
[2/1/2019 3:50:30] /goto 200, 54, 7
[2/1/2019 3:51:33] /i 255
[2/1/2019 3:54:53] /m krakatoa
[2/1/2019 3:54:58] /m pyria
[2/1/2019 3:55:0] /r
[2/1/2019 3:55:2] /r
[2/1/2019 3:59:22] /up
[2/1/2019 3:59:26] /up
[2/1/2019 4:0:37] /up
[2/1/2019 4:0:38] /up
[2/1/2019 4:0:43] /down
[2/1/2019 4:0:45] /down
[2/1/2019 13:3:36] /reload talkactions
[2/1/2019 13:4:18] /reload talkactions
[2/1/2019 13:6:38] /reload talkactions
[2/1/2019 13:9:32] /reload talkactions
[2/1/2019 13:10:2] /attr group 4
[2/1/2019 13:10:5] /attr group 7
[2/1/2019 13:10:17] /attr group 8
[2/1/2019 13:13:37] /reload talkactions
[2/1/2019 13:13:52] /reload talkactions
[2/1/2019 13:15:24] /reload talkactions
[2/1/2019 13:18:35] /reload talkactions
[2/1/2019 13:18:50] /attr group 1
[2/1/2019 13:19:21] /attr group 4
[2/1/2019 13:23:6] /reload talkactions
[2/1/2019 13:30:4] /reload talkactions
[2/1/2019 13:30:12] /t
[2/1/2019 13:30:51] /reload talkactions
[2/1/2019 13:31:14] /reload talkactions
[2/1/2019 13:37:41] /reload talkactions
[2/1/2019 13:38:57] /reload talkactions
[2/1/2019 13:39:18] /reload talkactions
[2/1/2019 13:46:26] /reload talkactions
[2/1/2019 13:47:43] /reload talkactions
[2/1/2019 14:17:59] /n Pumin
[2/1/2019 14:18:52] /r
[2/1/2019 14:19:3] /i demon armor
[2/1/2019 14:33:58] /up
[2/1/2019 14:34:36] /up
[2/1/2019 14:35:11] /a 10
[2/1/2019 14:50:23] /t
[2/1/2019 14:50:37] /cliport
[2/1/2019 14:51:13] /t
[2/1/2019 14:51:19] /t
[2/1/2019 14:51:32] /t
[2/1/2019 14:54:18] /t
[2/1/2019 14:54:22] /t
[2/1/2019 14:54:49] /attr health-999999999
[2/1/2019 14:54:54] /attr health -999999999
[2/1/2019 14:55:21] /t
[2/1/2019 14:55:27] /t
[2/1/2019 14:55:31] /t
[2/1/2019 14:56:26] /t
[2/1/2019 14:57:30] /t
[2/1/2019 15:7:48] /goto 200 54 7
[2/1/2019 15:7:51] /goto 200 50 7
[2/1/2019 15:7:55] /goto 160, 54 7
[2/1/2019 15:8:2] /goto 60, 54, 7
[2/1/2019 15:8:26] /goto 99, 54, 7
[2/1/2019 15:8:31] /goto 99, 50, 7
[2/1/2019 15:8:36] /goto 99, 40, 7
[2/1/2019 15:10:45] /goto 160, 54, 7
[2/1/2019 15:15:58] /reload npc
[2/1/2019 15:16:2] /n Donald
[2/1/2019 15:19:56] /t
[2/1/2019 15:20:59] /goto 160 32 7
[2/1/2019 15:21:7] /goto 160, 32, 7
[2/1/2019 15:21:12] /r
[2/1/2019 15:21:30] /up
[2/1/2019 15:25:30] /storage Paladin Sample, 2
[2/1/2019 15:25:41] /storage Paladin Sample, 1, 1
[2/1/2019 15:25:48] /storage Paladin Sample, 1, -1
[2/1/2019 15:30:57] /jail Paladin Sample
[2/1/2019 17:13:19] /t
[2/1/2019 17:13:24] /t
[2/1/2019 17:13:29] /t
[2/1/2019 17:13:55] /t
[2/1/2019 18:0:25] /reload spells
[2/1/2019 18:0:57] /reload spells
[2/1/2019 18:3:28] /reload spells
[2/1/2019 18:4:6] /t
[2/1/2019 18:4:10] /goto 160, 54, 7
[2/1/2019 18:4:22] /town 7
[2/1/2019 18:4:24] /town 9
[2/1/2019 18:4:25] /town 8
[2/1/2019 18:4:27] /town 10
[2/1/2019 18:4:28] /town 11
[2/1/2019 18:4:30] /town 12
[2/1/2019 18:4:31] /town 13
[2/1/2019 18:4:32] /town 14
[2/1/2019 18:4:34] /town 15
[2/1/2019 18:4:53] /t
[2/1/2019 18:4:59] /town 1
[2/1/2019 18:5:1] /town 0
[2/1/2019 18:5:3] /town 2
[2/1/2019 18:5:5] /t
[2/1/2019 18:5:47] /down
[2/1/2019 18:6:7] /down
[2/1/2019 18:6:25] /up
[2/1/2019 18:7:29] /down
[2/1/2019 18:8:34] /t
[2/1/2019 18:11:54] /setstamina Paladin Sample, 1
[2/1/2019 18:11:57] /setstamina Paladin Sample, 2
[2/1/2019 18:12:25] /setstamina Druid Sample, 2
[2/1/2019 18:12:29] /setstamina Druid Sample, 60
[2/1/2019 18:12:33] /setstamina Druid Sample, 50
[2/1/2019 18:12:38] /setstamina Druid Sample, 200
[2/1/2019 18:13:39] /setstamina Druid Sample, 14*60
[2/1/2019 18:14:8] /setstamina Druid Sample, 840
[2/1/2019 18:20:32] /reload mods
[2/1/2019 18:21:59] /reload mods
[2/1/2019 18:23:55] /reload mods
[2/1/2019 18:24:20] /reload lib
[2/1/2019 18:24:25] /reload creaturescripts
[2/1/2019 18:24:32] /reload creaturescripts
[2/1/2019 18:24:56] /reload creaturescripts
[2/1/2019 18:50:10] /t Druid Sample
[2/1/2019 20:31:37] /t
[3/1/2019 13:27:4] /t
[3/1/2019 13:27:10] /t
[3/1/2019 13:27:16] /t
[3/1/2019 13:27:26] /t
[3/1/2019 13:27:50] /down
[3/1/2019 13:28:46] /goto knight sample
[3/1/2019 13:31:6] /i strong mana potion
[3/1/2019 13:32:3] /goto knight sample
[3/1/2019 13:32:22] !tradeorbs Knight Sample, 5
[3/1/2019 13:34:58] /masterlogin Account Manager
[3/1/2019 13:35:24] /goto knight sample
[3/1/2019 13:36:15] /goto knight sample
[3/1/2019 13:37:35] /masterlogin Paladin Sample
[3/1/2019 13:38:6] /masterlogin knight sample
[3/1/2019 13:38:41] /goto knight sample
[3/1/2019 13:46:44] /goto knight sample
[3/1/2019 13:47:25] /rename Knight Sample, Sadico
[3/1/2019 13:47:56] /rename Sadico, Tarado
[3/1/2019 13:48:9] /rename Paladin Sample, Tarado
