[31/12/2018 20:21:36] /masterlogin Knight Sample
[31/12/2018 20:27:23] !tradeorbs Knight Sample, -2
[31/12/2018 20:27:25] !tradeorbs Knight Sample, 0
[31/12/2018 20:27:27] !tradeorbs Knight Sample, 1
[31/12/2018 20:27:59] !tradeorbs Knight Sample, 3
[31/12/2018 20:31:29] !tradeorbs Knight Sample, 2
[31/12/2018 20:41:54] !tradeorbs Paladin Sample, 3
[31/12/2018 21:6:41] !tradeorbs Paladin Sample, 10
[31/12/2018 21:19:56] !tradeorbs Paladin Sample, 10
[31/12/2018 21:20:17] !tradeorbs Paladin Sample, 10
[31/12/2018 21:20:58] !tradeorbs Paladin Sample, 10
[31/12/2018 21:21:12] !tradeorbs Paladin Sample, 10
[31/12/2018 21:22:24] !tradeorbs Paladin Sample, 10
[31/12/2018 21:23:34] !tradeorbs Paladin Sample, 10
[31/12/2018 21:23:37] !tradeorbs Paladin Sample, 8
[31/12/2018 21:23:47] !tradeorbs Paladin Sample, 8
[31/12/2018 21:24:2] !tradeorbs Paladin Sample, 8
[31/12/2018 21:24:19] !tradeorbs Paladin Sample, 
[31/12/2018 21:24:21] !tradeorbs Paladin Sample
[31/12/2018 21:24:23] !tradeorbs Paladin Sample, 2
[31/12/2018 21:24:46] !tradeorbs Paladin Sample, 2
[1/1/2019 18:8:24] /goto 161, 54, 6
[1/1/2019 18:8:31] /m trainer
[1/1/2019 18:12:32] /r
[1/1/2019 18:12:39] /r
[1/1/2019 18:15:58] /newtype 75
[1/1/2019 18:30:15] /i 2647
[1/1/2019 18:30:22] /r
[1/1/2019 18:30:52] /m trainer
[1/1/2019 18:30:55] /r
[1/1/2019 18:48:53] /goto paladin sampel
[1/1/2019 18:48:54] /goto paladin sample
[1/1/2019 18:48:59] /goto paladin sample
[1/1/2019 18:49:3] /a 5
[1/1/2019 18:49:3] /a 5
[1/1/2019 18:49:4] /a 5
[1/1/2019 18:49:4] /a 5
[1/1/2019 18:49:5] /a 5
[1/1/2019 18:49:5] /a 5
[1/1/2019 18:49:6] /a 5
[1/1/2019 18:49:6] /a 5
[1/1/2019 18:49:8] /a 5
[1/1/2019 18:49:9] /a 5
[1/1/2019 18:49:11] /a 5
[1/1/2019 18:49:11] /a 5
[1/1/2019 18:49:12] /a 5
[1/1/2019 18:49:13] /a 5
[1/1/2019 18:49:14] /a 5
[1/1/2019 18:50:56] /a 5
[1/1/2019 18:52:33] /a 5
[1/1/2019 18:52:34] /a 5
[1/1/2019 18:52:35] /a 5
[1/1/2019 18:52:36] /a 5
[1/1/2019 18:52:36] /a 5
[1/1/2019 18:52:37] /a 5
[1/1/2019 18:52:37] /a 5
[1/1/2019 18:52:38] /a 5
[1/1/2019 18:52:38] /a 5
[1/1/2019 18:52:39] /a 5
[1/1/2019 18:52:39] /a 5
[1/1/2019 18:52:39] /a 5
[1/1/2019 18:52:40] /a 5
[1/1/2019 18:52:41] /a 5
[1/1/2019 18:52:42] /a 5
[1/1/2019 18:52:42] /a 5
[1/1/2019 18:52:43] /a 5
[1/1/2019 18:52:44] /a 5
[1/1/2019 18:52:45] /a 5
[1/1/2019 18:52:48] /down
[1/1/2019 18:52:53] /a 5
[1/1/2019 18:52:54] /a 5
[1/1/2019 18:52:58] /a 3
[1/1/2019 18:53:2] /up
[1/1/2019 18:56:58] /a 5
[1/1/2019 18:56:59] /a 5
[1/1/2019 18:57:24] /a 5
[1/1/2019 18:58:11] /t
[1/1/2019 18:58:27] /goto 161, 54, 5
[1/1/2019 18:58:28] /goto 161, 54, 6
[1/1/2019 18:59:15] /dosay Paladin Sample,oi
[1/1/2019 18:59:18] /dosay Paladin Sample,sou viado
[1/1/2019 18:59:21] /dosay Paladin Sample,e amo um negão
[1/1/2019 18:59:32] /dosay Paladin Sample,negão pra min é tudo
[1/1/2019 19:1:53] /m trainer
[1/1/2019 19:6:43] /goto trainer
[1/1/2019 19:6:49] /a 2
[1/1/2019 19:7:16] /a 5
[1/1/2019 19:7:19] /a 5
[1/1/2019 19:7:21] /a 5
[1/1/2019 19:7:22] /a 5
[1/1/2019 19:7:23] /a 5
[1/1/2019 19:7:32] /a 5
[1/1/2019 19:7:33] /a 5
[1/1/2019 19:7:35] /a 5
[1/1/2019 19:7:36] /a 5
[1/1/2019 19:7:37] /a 5
[1/1/2019 19:7:38] /a 5
[1/1/2019 19:7:39] /a 5
[1/1/2019 19:7:39] /a 5
[1/1/2019 19:7:43] /a 5
[1/1/2019 19:7:44] /a 5
[1/1/2019 19:7:52] /a 5
[1/1/2019 19:7:53] /a 5
[1/1/2019 19:7:54] /a 5
[1/1/2019 19:7:55] /a 5
[1/1/2019 19:7:56] /a 5
[1/1/2019 19:7:57] /a 5
[1/1/2019 19:8:37] /m trainer
[1/1/2019 19:9:28] /say Paladin Sample,vis lux
[1/1/2019 19:9:30] /say Paladin Sample,vis lux
[1/1/2019 19:9:31] /say Paladin Sample,vis lux
[1/1/2019 19:9:31] /say Paladin Sample,vis lux
[1/1/2019 19:9:32] /say Paladin Sample,vis lux
[1/1/2019 19:9:32] /say Paladin Sample,vis lux
[1/1/2019 19:9:32] /say Paladin Sample,vis lux
[1/1/2019 19:9:34] /say Paladin Sample,vis lux
[1/1/2019 19:9:55] /say Paladin Sample,vis lux
[1/1/2019 19:9:56] /say Paladin Sample,con grav
[1/1/2019 19:9:56] /say Paladin Sample,gran frigo
[1/1/2019 19:9:57] /say Paladin Sample,vis lux
[1/1/2019 19:9:57] /say Paladin Sample,con grav
[1/1/2019 19:9:57] /say Paladin Sample,gran frigo
[1/1/2019 19:9:57] /say Paladin Sample,vis lux
[1/1/2019 19:9:57] /say Paladin Sample,con grav
[1/1/2019 19:9:57] /say Paladin Sample,gran frigo
[1/1/2019 19:9:57] /say Paladin Sample,vis lux
[1/1/2019 19:9:57] /say Paladin Sample,con grav
[1/1/2019 19:9:57] /say Paladin Sample,gran frigo
[1/1/2019 19:9:57] /say Paladin Sample,vis lux
[1/1/2019 19:9:59] /say Paladin Sample,vis lux
[1/1/2019 19:10:0] /say Paladin Sample,vis lux
[1/1/2019 19:10:1] /say Paladin Sample,vis lux
[1/1/2019 19:10:1] /say Paladin Sample,vis lux
[1/1/2019 19:10:1] /say Paladin Sample,vis lux
[1/1/2019 19:10:1] /say Paladin Sample,vis lux
[1/1/2019 19:10:2] /say Paladin Sample,vis lux
[1/1/2019 19:10:2] /say Paladin Sample,vis lux
[1/1/2019 19:10:2] /say Paladin Sample,vis lux
[1/1/2019 19:10:2] /say Paladin Sample,con grav
[1/1/2019 19:10:2] /say Paladin Sample,con grav
[1/1/2019 19:10:2] /say Paladin Sample,con grav
[1/1/2019 19:10:3] /say Paladin Sample,con grav
[1/1/2019 19:10:4] /say Paladin Sample,con grav
[1/1/2019 19:10:5] /say Paladin Sample,con grav
[1/1/2019 19:10:6] /say Paladin Sample,gran frigo
[1/1/2019 19:10:7] /say Paladin Sample,gran frigo
[1/1/2019 19:10:7] /say Paladin Sample,gran frigo
[1/1/2019 19:10:7] /say Paladin Sample,gran frigo
[1/1/2019 19:10:8] /say Paladin Sample,gran frigo
[1/1/2019 19:10:8] /say Paladin Sample,gran frigo
[1/1/2019 19:10:10] /say Paladin Sample,vis lux
[1/1/2019 19:10:13] /say Paladin Sample,con grav
[1/1/2019 19:10:13] /say Paladin Sample,con grav
[1/1/2019 19:10:13] /say Paladin Sample,con grav
[1/1/2019 19:10:13] /say Paladin Sample,con grav
[1/1/2019 19:10:13] /say Paladin Sample,con grav
[1/1/2019 19:10:13] /say Paladin Sample,con grav
[1/1/2019 19:10:13] /say Paladin Sample,con grav
[1/1/2019 19:10:13] /say Paladin Sample,con grav
[1/1/2019 19:10:13] /say Paladin Sample,con grav
[1/1/2019 19:10:13] /say Paladin Sample,con grav
[1/1/2019 19:10:14] /say Paladin Sample,con grav
[1/1/2019 19:10:14] /say Paladin Sample,con grav
[1/1/2019 19:10:14] /say Paladin Sample,con grav
[1/1/2019 19:10:14] /say Paladin Sample,con grav
[1/1/2019 19:10:14] /say Paladin Sample,con grav
[1/1/2019 19:10:14] /say Paladin Sample,con grav
[1/1/2019 19:10:14] /say Paladin Sample,con grav
[1/1/2019 19:10:14] /say Paladin Sample,con grav
[1/1/2019 19:10:14] /say Paladin Sample,con grav
[1/1/2019 19:10:14] /say Paladin Sample,con grav
[1/1/2019 19:10:14] /say Paladin Sample,con grav
[1/1/2019 19:10:14] /say Paladin Sample,con grav
[1/1/2019 19:10:14] /say Paladin Sample,con grav
[1/1/2019 19:10:15] /say Paladin Sample,con grav
[1/1/2019 19:10:15] /say Paladin Sample,con grav
[1/1/2019 19:10:15] /say Paladin Sample,con grav
[1/1/2019 19:10:15] /say Paladin Sample,con grav
[1/1/2019 19:10:15] /say Paladin Sample,con grav
[1/1/2019 19:10:16] /say Paladin Sample,con grav
[1/1/2019 19:10:16] /say Paladin Sample,con grav
[1/1/2019 19:10:16] /say Paladin Sample,con grav
[1/1/2019 19:10:16] /say Paladin Sample,con grav
[1/1/2019 19:10:22] /say Paladin Sample,con grav
[1/1/2019 19:10:22] /say Paladin Sample,con grav
[1/1/2019 19:10:22] /say Paladin Sample,con grav
[1/1/2019 19:10:22] /say Paladin Sample,con grav
[1/1/2019 19:10:22] /say Paladin Sample,con grav
[1/1/2019 19:10:23] /say Paladin Sample,con grav
[1/1/2019 19:10:23] /say Paladin Sample,con grav
[1/1/2019 19:10:23] /say Paladin Sample,con grav
[1/1/2019 19:10:23] /say Paladin Sample,con grav
[1/1/2019 19:10:24] /say Paladin Sample,con grav
[1/1/2019 19:10:24] /say Paladin Sample,con grav
[1/1/2019 19:10:24] /say Paladin Sample,con grav
[1/1/2019 19:10:24] /say Paladin Sample,con grav
[1/1/2019 19:10:24] /say Paladin Sample,con grav
[1/1/2019 19:10:24] /say Paladin Sample,con grav
[1/1/2019 19:10:25] /say Paladin Sample,con grav
[1/1/2019 19:10:25] /say Paladin Sample,con grav
[1/1/2019 19:10:25] /say Paladin Sample,con grav
[1/1/2019 19:10:25] /say Paladin Sample,con grav
[1/1/2019 19:10:25] /say Paladin Sample,con grav
[1/1/2019 19:10:25] /say Paladin Sample,con grav
[1/1/2019 19:10:26] /say Paladin Sample,con grav
[1/1/2019 19:10:26] /say Paladin Sample,con grav
[1/1/2019 19:10:26] /say Paladin Sample,con grav
[1/1/2019 19:10:26] /say Paladin Sample,con grav
[1/1/2019 19:10:26] /say Paladin Sample,con grav
[1/1/2019 19:10:27] /say Paladin Sample,con grav
[1/1/2019 19:10:27] /say Paladin Sample,con grav
[1/1/2019 19:10:27] /say Paladin Sample,con grav
[1/1/2019 19:10:27] /say Paladin Sample,con grav
[1/1/2019 19:10:28] /say Paladin Sample,con grav
[1/1/2019 19:10:28] /say Paladin Sample,con grav
[1/1/2019 19:10:28] /say Paladin Sample,con grav
[1/1/2019 19:10:33] /say Paladin Sample,con grav
[1/1/2019 19:10:39] /say Paladin Sample,con grav
[1/1/2019 19:10:40] /say Paladin Sample,con grav
[1/1/2019 19:10:40] /say Paladin Sample,con grav
[1/1/2019 19:10:41] /say Paladin Sample,con grav
[1/1/2019 19:10:41] /say Paladin Sample,con grav
[1/1/2019 19:10:41] /say Paladin Sample,con grav
[1/1/2019 19:10:41] /say Paladin Sample,con grav
[1/1/2019 19:10:41] /say Paladin Sample,con grav
[1/1/2019 19:10:42] /say Paladin Sample,con grav
[1/1/2019 19:10:42] /say Paladin Sample,con grav
[1/1/2019 19:10:43] /say Paladin Sample,con grav
[1/1/2019 19:10:44] /say Paladin Sample,con grav
[1/1/2019 19:10:44] /say Paladin Sample,con grav
[1/1/2019 19:10:45] /say Paladin Sample,con grav
[1/1/2019 19:10:45] /say Paladin Sample,con grav
[1/1/2019 19:10:45] /say Paladin Sample,con grav
[1/1/2019 19:10:46] /say Paladin Sample,con grav
[1/1/2019 19:10:50] /say Paladin Sample,con grav
[1/1/2019 19:10:50] /say Paladin Sample,con grav
[1/1/2019 19:10:50] /say Paladin Sample,con grav
[1/1/2019 19:10:50] /say Paladin Sample,con grav
[1/1/2019 19:10:50] /say Paladin Sample,con grav
[1/1/2019 19:10:50] /say Paladin Sample,con grav
[1/1/2019 19:10:50] /say Paladin Sample,con grav
[1/1/2019 19:10:50] /say Paladin Sample,con grav
[1/1/2019 19:10:50] /say Paladin Sample,con grav
[1/1/2019 19:10:50] /say Paladin Sample,con grav
[1/1/2019 19:10:51] /say Paladin Sample,con grav
[1/1/2019 19:10:51] /say Paladin Sample,con grav
[1/1/2019 19:10:51] /say Paladin Sample,con grav
[1/1/2019 19:10:51] /say Paladin Sample,con grav
[1/1/2019 19:10:51] /say Paladin Sample,con grav
[1/1/2019 19:10:51] /say Paladin Sample,con grav
[1/1/2019 19:10:51] /say Paladin Sample,con grav
[1/1/2019 19:10:51] /say Paladin Sample,con grav
[1/1/2019 19:10:51] /say Paladin Sample,con grav
[1/1/2019 19:10:51] /say Paladin Sample,con grav
[1/1/2019 19:10:51] /say Paladin Sample,con grav
[1/1/2019 19:10:51] /say Paladin Sample,con grav
[1/1/2019 19:10:51] /say Paladin Sample,con grav
[1/1/2019 19:10:51] /say Paladin Sample,con grav
[1/1/2019 19:10:51] /say Paladin Sample,con grav
[1/1/2019 19:10:51] /say Paladin Sample,con grav
[1/1/2019 19:10:51] /say Paladin Sample,con grav
[1/1/2019 19:10:51] /say Paladin Sample,con grav
[1/1/2019 19:10:51] /say Paladin Sample,con grav
[1/1/2019 19:10:51] /say Paladin Sample,con grav
[1/1/2019 19:10:51] /say Paladin Sample,con grav
[1/1/2019 19:10:51] /say Paladin Sample,con grav
[1/1/2019 19:10:51] /say Paladin Sample,con grav
[1/1/2019 19:10:51] /say Paladin Sample,con grav
[1/1/2019 19:10:51] /say Paladin Sample,con grav
[1/1/2019 19:10:51] /say Paladin Sample,con grav
[1/1/2019 19:10:51] /say Paladin Sample,con grav
[1/1/2019 19:10:51] /say Paladin Sample,con grav
[1/1/2019 19:10:51] /say Paladin Sample,con grav
[1/1/2019 19:10:51] /say Paladin Sample,con grav
[1/1/2019 19:10:51] /say Paladin Sample,con grav
[1/1/2019 19:10:51] /say Paladin Sample,con grav
[1/1/2019 19:10:52] /say Paladin Sample,con grav
[1/1/2019 19:10:52] /say Paladin Sample,con grav
[1/1/2019 19:10:52] /say Paladin Sample,con grav
[1/1/2019 19:10:52] /say Paladin Sample,con grav
[1/1/2019 19:10:52] /say Paladin Sample,con grav
[1/1/2019 19:10:52] /say Paladin Sample,con grav
[1/1/2019 19:10:52] /say Paladin Sample,con grav
[1/1/2019 19:10:52] /say Paladin Sample,con grav
[1/1/2019 19:10:52] /say Paladin Sample,con grav
[1/1/2019 19:10:52] /say Paladin Sample,con grav
[1/1/2019 19:10:52] /say Paladin Sample,con grav
[1/1/2019 19:10:52] /say Paladin Sample,con grav
[1/1/2019 19:10:52] /say Paladin Sample,con grav
[1/1/2019 19:10:52] /say Paladin Sample,con grav
[1/1/2019 19:10:52] /say Paladin Sample,con grav
[1/1/2019 19:10:52] /say Paladin Sample,con grav
[1/1/2019 19:10:52] /say Paladin Sample,con grav
[1/1/2019 19:10:52] /say Paladin Sample,con grav
[1/1/2019 19:10:52] /say Paladin Sample,con grav
[1/1/2019 19:10:52] /say Paladin Sample,con grav
[1/1/2019 19:10:52] /say Paladin Sample,con grav
[1/1/2019 19:10:52] /say Paladin Sample,con grav
[1/1/2019 19:10:52] /say Paladin Sample,con grav
[1/1/2019 19:10:52] /say Paladin Sample,con grav
[1/1/2019 19:10:52] /say Paladin Sample,con grav
[1/1/2019 19:10:52] /say Paladin Sample,con grav
[1/1/2019 19:10:52] /say Paladin Sample,con grav
[1/1/2019 19:10:52] /say Paladin Sample,con grav
[1/1/2019 19:10:52] /say Paladin Sample,con grav
[1/1/2019 19:10:53] /say Paladin Sample,con grav
[1/1/2019 19:10:53] /say Paladin Sample,con grav
[1/1/2019 19:10:53] /say Paladin Sample,con grav
[1/1/2019 19:10:53] /say Paladin Sample,con grav
[1/1/2019 19:10:53] /say Paladin Sample,con grav
[1/1/2019 19:10:53] /say Paladin Sample,con grav
[1/1/2019 19:10:53] /say Paladin Sample,con grav
[1/1/2019 19:10:53] /say Paladin Sample,con grav
[1/1/2019 19:10:53] /say Paladin Sample,con grav
[1/1/2019 19:10:53] /say Paladin Sample,con grav
[1/1/2019 19:10:53] /say Paladin Sample,con grav
[1/1/2019 19:10:53] /say Paladin Sample,con grav
[1/1/2019 19:10:53] /say Paladin Sample,con grav
[1/1/2019 19:10:53] /say Paladin Sample,con grav
[1/1/2019 19:10:53] /say Paladin Sample,con grav
[1/1/2019 19:10:53] /say Paladin Sample,con grav
[1/1/2019 19:10:53] /say Paladin Sample,con grav
[1/1/2019 19:10:53] /say Paladin Sample,con grav
[1/1/2019 19:10:53] /say Paladin Sample,con grav
[1/1/2019 19:10:53] /say Paladin Sample,con grav
[1/1/2019 19:10:53] /say Paladin Sample,con grav
[1/1/2019 19:10:53] /say Paladin Sample,con grav
[1/1/2019 19:10:53] /say Paladin Sample,con grav
[1/1/2019 19:10:53] /say Paladin Sample,con grav
[1/1/2019 19:10:53] /say Paladin Sample,con grav
[1/1/2019 19:10:53] /say Paladin Sample,con grav
[1/1/2019 19:10:53] /say Paladin Sample,con grav
[1/1/2019 19:10:53] /say Paladin Sample,con grav
[1/1/2019 19:10:53] /say Paladin Sample,con grav
[1/1/2019 19:10:53] /say Paladin Sample,con grav
[1/1/2019 19:10:53] /say Paladin Sample,con grav
[1/1/2019 19:10:54] /say Paladin Sample,con grav
[1/1/2019 19:10:54] /say Paladin Sample,con grav
[1/1/2019 19:10:54] /say Paladin Sample,con grav
[1/1/2019 19:10:54] /say Paladin Sample,con grav
[1/1/2019 19:10:54] /say Paladin Sample,con grav
[1/1/2019 19:10:54] /say Paladin Sample,con grav
[1/1/2019 19:10:54] /say Paladin Sample,con grav
[1/1/2019 19:10:54] /say Paladin Sample,con grav
[1/1/2019 19:10:54] /say Paladin Sample,con grav
[1/1/2019 19:10:54] /say Paladin Sample,con grav
[1/1/2019 19:10:54] /say Paladin Sample,con grav
[1/1/2019 19:10:54] /say Paladin Sample,con grav
[1/1/2019 19:10:54] /say Paladin Sample,con grav
[1/1/2019 19:10:54] /say Paladin Sample,con grav
[1/1/2019 19:10:54] /say Paladin Sample,con grav
[1/1/2019 19:10:54] /say Paladin Sample,con grav
[1/1/2019 19:10:54] /say Paladin Sample,con grav
[1/1/2019 19:10:54] /say Paladin Sample,con grav
[1/1/2019 19:10:54] /say Paladin Sample,con grav
[1/1/2019 19:10:54] /say Paladin Sample,con grav
[1/1/2019 19:10:54] /say Paladin Sample,con grav
[1/1/2019 19:10:54] /say Paladin Sample,con grav
[1/1/2019 19:10:54] /say Paladin Sample,con grav
[1/1/2019 19:10:54] /say Paladin Sample,con grav
[1/1/2019 19:10:54] /say Paladin Sample,con grav
[1/1/2019 19:10:54] /say Paladin Sample,con grav
[1/1/2019 19:10:54] /say Paladin Sample,con grav
[1/1/2019 19:10:54] /say Paladin Sample,con grav
[1/1/2019 19:10:54] /say Paladin Sample,con grav
[1/1/2019 19:10:54] /say Paladin Sample,con grav
[1/1/2019 19:10:55] /say Paladin Sample,con grav
[1/1/2019 19:10:55] /say Paladin Sample,con grav
[1/1/2019 19:10:55] /say Paladin Sample,con grav
[1/1/2019 19:10:55] /say Paladin Sample,con grav
[1/1/2019 19:10:55] /say Paladin Sample,con grav
[1/1/2019 19:10:55] /say Paladin Sample,con grav
[1/1/2019 19:10:55] /say Paladin Sample,con grav
[1/1/2019 19:10:55] /say Paladin Sample,con grav
[1/1/2019 19:10:55] /say Paladin Sample,con grav
[1/1/2019 19:10:55] /say Paladin Sample,con grav
[1/1/2019 19:10:55] /say Paladin Sample,con grav
[1/1/2019 19:10:55] /say Paladin Sample,con grav
[1/1/2019 19:10:55] /say Paladin Sample,con grav
[1/1/2019 19:10:55] /say Paladin Sample,con grav
[1/1/2019 19:10:55] /say Paladin Sample,con grav
[1/1/2019 19:10:55] /say Paladin Sample,con grav
[1/1/2019 19:10:55] /say Paladin Sample,con grav
[1/1/2019 19:10:55] /say Paladin Sample,con grav
[1/1/2019 19:10:55] /say Paladin Sample,con grav
[1/1/2019 19:10:55] /say Paladin Sample,con grav
[1/1/2019 19:10:55] /say Paladin Sample,con grav
[1/1/2019 19:10:55] /say Paladin Sample,con grav
[1/1/2019 19:10:55] /say Paladin Sample,con grav
[1/1/2019 19:10:55] /say Paladin Sample,con grav
[1/1/2019 19:10:55] /say Paladin Sample,con grav
[1/1/2019 19:10:55] /say Paladin Sample,con grav
[1/1/2019 19:10:55] /say Paladin Sample,con grav
[1/1/2019 19:10:55] /say Paladin Sample,con grav
[1/1/2019 19:10:55] /say Paladin Sample,con grav
[1/1/2019 19:10:55] /say Paladin Sample,con grav
[1/1/2019 19:10:55] /say Paladin Sample,con grav
[1/1/2019 19:10:56] /say Paladin Sample,con grav
[1/1/2019 19:10:56] /say Paladin Sample,con grav
[1/1/2019 19:10:56] /say Paladin Sample,con grav
[1/1/2019 19:10:56] /say Paladin Sample,con grav
[1/1/2019 19:10:56] /say Paladin Sample,con grav
[1/1/2019 19:10:56] /say Paladin Sample,con grav
[1/1/2019 19:10:56] /say Paladin Sample,con grav
[1/1/2019 19:10:56] /say Paladin Sample,con grav
[1/1/2019 19:10:56] /say Paladin Sample,con grav
[1/1/2019 19:10:56] /say Paladin Sample,con grav
[1/1/2019 19:10:56] /say Paladin Sample,con grav
[1/1/2019 19:10:56] /say Paladin Sample,con grav
[1/1/2019 19:10:56] /say Paladin Sample,con grav
[1/1/2019 19:10:56] /say Paladin Sample,con grav
[1/1/2019 19:10:56] /say Paladin Sample,con grav
[1/1/2019 19:10:56] /say Paladin Sample,con grav
[1/1/2019 19:10:56] /say Paladin Sample,con grav
[1/1/2019 19:10:56] /say Paladin Sample,con grav
[1/1/2019 19:10:56] /say Paladin Sample,con grav
[1/1/2019 19:10:56] /say Paladin Sample,con grav
[1/1/2019 19:10:56] /say Paladin Sample,con grav
[1/1/2019 19:10:56] /say Paladin Sample,con grav
[1/1/2019 19:10:56] /say Paladin Sample,con grav
[1/1/2019 19:10:56] /say Paladin Sample,con grav
[1/1/2019 19:10:56] /say Paladin Sample,con grav
[1/1/2019 19:10:56] /say Paladin Sample,con grav
[1/1/2019 19:10:56] /say Paladin Sample,con grav
[1/1/2019 19:10:56] /say Paladin Sample,con grav
[1/1/2019 19:10:57] /say Paladin Sample,con grav
[1/1/2019 19:10:57] /say Paladin Sample,con grav
[1/1/2019 19:10:57] /say Paladin Sample,con grav
[1/1/2019 19:10:57] /say Paladin Sample,con grav
[1/1/2019 19:10:57] /say Paladin Sample,con grav
[1/1/2019 19:10:57] /say Paladin Sample,con grav
[1/1/2019 19:10:57] /say Paladin Sample,con grav
[1/1/2019 19:10:57] /say Paladin Sample,con grav
[1/1/2019 19:10:57] /say Paladin Sample,con grav
[1/1/2019 19:10:57] /say Paladin Sample,con grav
[1/1/2019 19:10:57] /say Paladin Sample,con grav
[1/1/2019 19:10:57] /say Paladin Sample,con grav
[1/1/2019 19:10:57] /say Paladin Sample,con grav
[1/1/2019 19:10:57] /say Paladin Sample,con grav
[1/1/2019 19:10:57] /say Paladin Sample,con grav
[1/1/2019 19:10:57] /say Paladin Sample,con grav
[1/1/2019 19:10:57] /say Paladin Sample,con grav
[1/1/2019 19:10:57] /say Paladin Sample,con grav
[1/1/2019 19:10:57] /say Paladin Sample,con grav
[1/1/2019 19:10:57] /say Paladin Sample,con grav
[1/1/2019 19:10:57] /say Paladin Sample,con grav
[1/1/2019 19:11:9] /m trauber
[1/1/2019 19:11:11] /m trainer
[1/1/2019 19:16:13] /say Paladin Sample,vis lux
[1/1/2019 19:16:14] /say Paladin Sample,con grav
[1/1/2019 19:16:15] /say Paladin Sample,gran frigo
[1/1/2019 19:16:16] /say Paladin Sample,vis lux
[1/1/2019 19:16:17] /say Paladin Sample,vis lux
[1/1/2019 19:16:17] /say Paladin Sample,vis lux
[1/1/2019 19:16:17] /say Paladin Sample,vis lux
[1/1/2019 19:16:17] /say Paladin Sample,vis lux
[1/1/2019 19:16:17] /say Paladin Sample,vis lux
[1/1/2019 19:16:17] /say Paladin Sample,vis lux
[1/1/2019 19:16:17] /say Paladin Sample,vis lux
[1/1/2019 19:16:17] /say Paladin Sample,vis lux
[1/1/2019 19:16:23] /say Paladin Sample,diablo flam
[1/1/2019 19:16:23] /say Paladin Sample,diablo flam
[1/1/2019 19:16:24] /say Paladin Sample,diablo flam
[1/1/2019 19:16:24] /say Paladin Sample,diablo flam
[1/1/2019 19:16:36] /say Paladin Sample,diablo flam
[1/1/2019 19:16:36] /say Paladin Sample,diablo flam
[1/1/2019 19:16:36] /say Paladin Sample,diablo flam
[1/1/2019 19:16:37] /say Paladin Sample,diablo flam
[1/1/2019 19:16:37] /say Paladin Sample,diablo flam
[1/1/2019 19:16:37] /say Paladin Sample,diablo flam
[1/1/2019 19:16:37] /say Paladin Sample,diablo flam
[1/1/2019 19:16:37] /say Paladin Sample,diablo flam
[1/1/2019 19:16:38] /say Paladin Sample,diablo flam
[1/1/2019 19:17:0] /say Paladin Sample,diablo flam
[1/1/2019 19:17:0] /say Paladin Sample,diablo flam
[1/1/2019 19:17:0] /say Paladin Sample,diablo flam
[1/1/2019 19:17:0] /say Paladin Sample,diablo flam
[1/1/2019 19:17:0] /say Paladin Sample,diablo flam
[1/1/2019 19:17:1] /say Paladin Sample,diablo flam
[1/1/2019 19:17:1] /say Paladin Sample,diablo flam
[1/1/2019 19:17:1] /say Paladin Sample,diablo flam
[1/1/2019 19:17:1] /say Paladin Sample,diablo flam
[1/1/2019 19:17:1] /say Paladin Sample,diablo flam
[1/1/2019 19:17:23] /say Paladin Sample,diablo flam
[1/1/2019 19:17:23] /say Paladin Sample,diablo flam
[1/1/2019 19:17:23] /say Paladin Sample,diablo flam
[1/1/2019 19:17:24] /say Paladin Sample,diablo flam
[1/1/2019 19:17:24] /say Paladin Sample,diablo flam
[1/1/2019 19:17:24] /say Paladin Sample,diablo flam
[1/1/2019 19:17:24] /say Paladin Sample,diablo flam
[1/1/2019 19:17:24] /say Paladin Sample,diablo flam
[1/1/2019 19:17:25] /say Paladin Sample,diablo flam
[1/1/2019 19:17:25] /say Paladin Sample,diablo flam
[1/1/2019 19:17:25] /say Paladin Sample,diablo flam
[1/1/2019 19:17:25] /say Paladin Sample,diablo flam
[1/1/2019 19:17:25] /say Paladin Sample,diablo flam
[1/1/2019 19:17:25] /say Paladin Sample,diablo flam
[1/1/2019 19:17:26] /say Paladin Sample,diablo flam
[1/1/2019 19:17:33] /say Paladin Sample,diablo flam
[1/1/2019 19:17:34] /say Paladin Sample,diablo flam
[1/1/2019 19:17:34] /say Paladin Sample,diablo flam
[1/1/2019 19:17:34] /say Paladin Sample,diablo flam
[1/1/2019 19:18:55] /say Paladin Sample,diablo flam
[1/1/2019 19:23:20] /say Paladin Sample,diablo flam
[1/1/2019 19:23:35] /say Paladin Sample,diablo flam
[1/1/2019 19:23:35] /say Paladin Sample,diablo flam
[1/1/2019 19:23:35] /say Paladin Sample,diablo flam
[1/1/2019 19:23:36] /say Paladin Sample,diablo flam
[1/1/2019 19:23:36] /say Paladin Sample,diablo flam
[1/1/2019 19:23:36] /say Paladin Sample,diablo flam
[1/1/2019 19:24:41] /say Paladin Sample,diablo flam
[1/1/2019 19:24:55] /say Paladin Sample,diablo flam
[1/1/2019 19:24:55] /say Paladin Sample,diablo flam
[1/1/2019 19:24:55] /say Paladin Sample,diablo flam
[1/1/2019 19:24:55] /say Paladin Sample,diablo flam
[1/1/2019 19:24:55] /say Paladin Sample,diablo flam
[1/1/2019 19:24:55] /say Paladin Sample,diablo flam
[1/1/2019 19:24:55] /say Paladin Sample,diablo flam
[1/1/2019 19:24:55] /say Paladin Sample,diablo flam
[1/1/2019 19:24:56] /say Paladin Sample,diablo flam
[1/1/2019 19:24:56] /say Paladin Sample,diablo flam
[1/1/2019 19:24:56] /say Paladin Sample,diablo flam
[1/1/2019 19:24:56] /say Paladin Sample,diablo flam
[1/1/2019 19:24:56] /say Paladin Sample,diablo flam
[1/1/2019 19:24:56] /say Paladin Sample,diablo flam
[1/1/2019 19:24:56] /say Paladin Sample,diablo flam
[1/1/2019 19:24:56] /say Paladin Sample,diablo flam
[1/1/2019 19:24:56] /say Paladin Sample,diablo flam
[1/1/2019 19:24:56] /say Paladin Sample,diablo flam
[1/1/2019 19:24:56] /say Paladin Sample,diablo flam
[1/1/2019 19:24:56] /say Paladin Sample,diablo flam
[1/1/2019 19:24:56] /say Paladin Sample,diablo flam
[1/1/2019 19:24:56] /say Paladin Sample,diablo flam
[1/1/2019 19:24:56] /say Paladin Sample,diablo flam
[1/1/2019 19:24:56] /say Paladin Sample,diablo flam
[1/1/2019 19:24:56] /say Paladin Sample,diablo flam
[1/1/2019 19:24:56] /say Paladin Sample,diablo flam
[1/1/2019 19:24:56] /say Paladin Sample,diablo flam
[1/1/2019 19:24:56] /say Paladin Sample,diablo flam
[1/1/2019 19:24:56] /say Paladin Sample,diablo flam
[1/1/2019 19:24:56] /say Paladin Sample,diablo flam
[1/1/2019 19:24:56] /say Paladin Sample,diablo flam
[1/1/2019 19:24:56] /say Paladin Sample,diablo flam
[1/1/2019 19:24:56] /say Paladin Sample,diablo flam
[1/1/2019 19:24:56] /say Paladin Sample,diablo flam
[1/1/2019 19:24:56] /say Paladin Sample,diablo flam
[1/1/2019 19:24:56] /say Paladin Sample,diablo flam
[1/1/2019 19:24:56] /say Paladin Sample,diablo flam
[1/1/2019 19:24:58] /a
[1/1/2019 19:25:0] /say Paladin Sample,diablo flam
[1/1/2019 19:25:1] /say Paladin Sample,diablo flam
[1/1/2019 19:25:3] /say Paladin Sample,diablo flam
[1/1/2019 19:25:4] /say Paladin Sample,diablo flam
[1/1/2019 19:25:6] /say Paladin Sample,diablo flam
[1/1/2019 19:25:6] /say Paladin Sample,diablo flam
[1/1/2019 19:25:19] /say Paladin Sample,diablo flam
[1/1/2019 19:25:19] /say Paladin Sample,diablo flam
[1/1/2019 19:25:19] /say Paladin Sample,diablo flam
[1/1/2019 19:25:19] /say Paladin Sample,diablo flam
[1/1/2019 19:25:25] /say Paladin Sample,diablo flam
[1/1/2019 19:25:25] /say Paladin Sample,diablo flam
[1/1/2019 19:25:25] /say Paladin Sample,diablo flam
[1/1/2019 19:25:26] /say Paladin Sample,diablo flam
[1/1/2019 19:25:26] /say Paladin Sample,diablo flam
[1/1/2019 19:25:26] /say Paladin Sample,diablo flam
[1/1/2019 19:25:26] /say Paladin Sample,diablo flam
[1/1/2019 19:25:26] /say Paladin Sample,diablo flam
[1/1/2019 19:25:26] /say Paladin Sample,diablo flam
[1/1/2019 19:25:26] /say Paladin Sample,diablo flam
[1/1/2019 19:25:36] /say Paladin Sample,diablo flam
[1/1/2019 19:25:36] /say Paladin Sample,diablo flam
[1/1/2019 19:25:36] /say Paladin Sample,diablo flam
[1/1/2019 19:25:36] /say Paladin Sample,diablo flam
[1/1/2019 19:25:36] /say Paladin Sample,diablo flam
[1/1/2019 19:25:37] /say Paladin Sample,diablo flam
[1/1/2019 19:25:37] /say Paladin Sample,diablo flam
[1/1/2019 19:25:37] /say Paladin Sample,diablo flam
[1/1/2019 19:25:45] /say Paladin Sample,diablo flam
[1/1/2019 19:25:45] /say Paladin Sample,diablo flam
[1/1/2019 19:25:45] /say Paladin Sample,diablo flam
[1/1/2019 19:25:45] /say Paladin Sample,diablo flam
[1/1/2019 19:25:45] /say Paladin Sample,diablo flam
[1/1/2019 19:25:45] /say Paladin Sample,diablo flam
[1/1/2019 19:25:46] /say Paladin Sample,diablo flam
[1/1/2019 19:25:47] /say Paladin Sample,diablo flam
[1/1/2019 19:25:47] /say Paladin Sample,diablo flam
[1/1/2019 19:25:47] /say Paladin Sample,diablo flam
[1/1/2019 19:25:48] /say Paladin Sample,diablo flam
[1/1/2019 19:25:48] /say Paladin Sample,diablo flam
[1/1/2019 19:25:50] /say Paladin Sample,diablo flam
[1/1/2019 19:25:50] /say Paladin Sample,diablo flam
[1/1/2019 19:25:50] /say Paladin Sample,diablo flam
[1/1/2019 19:25:50] /say Paladin Sample,diablo flam
[1/1/2019 19:25:51] /say Paladin Sample,diablo flam
[1/1/2019 19:26:4] /say Paladin Sample,diablo flam
[1/1/2019 19:26:4] /say Paladin Sample,diablo flam
[1/1/2019 19:26:4] /say Paladin Sample,diablo flam
[1/1/2019 19:26:4] /say Paladin Sample,diablo flam
[1/1/2019 19:26:4] /say Paladin Sample,diablo flam
[1/1/2019 19:26:21] /say Sorcerer Sample,diablo flam
[1/1/2019 19:26:22] /say Sorcerer Sample,diablo flam
[1/1/2019 19:26:22] /say Sorcerer Sample,diablo flam
[1/1/2019 19:26:22] /say Sorcerer Sample,diablo flam
[1/1/2019 19:26:23] /say Sorcerer Sample,diablo flam
[1/1/2019 19:26:33] /say Sorcerer Sample,diablo flam
[1/1/2019 19:26:33] /say Sorcerer Sample,diablo flam
[1/1/2019 19:32:27] /attr set basespeed 1
[1/1/2019 19:32:34] /attr basespeed 1
[1/1/2019 19:32:46] /attr basespeed 1
[1/1/2019 19:33:20] /attr basespeed 9
[1/1/2019 19:33:22] /attr basespeed 9
[1/1/2019 19:41:12] /goto paladin sample
[1/1/2019 19:41:16] /goto paladin sample
[1/1/2019 19:46:16] /a 11
[1/1/2019 19:46:17] /a 11
[1/1/2019 19:46:19] /a 11
[1/1/2019 19:46:20] /a 11
[1/1/2019 19:46:21] /a 11
[1/1/2019 22:50:55] /say Paladin Sample,diablo flam
[1/1/2019 22:50:55] /say Paladin Sample,diablo flam
[1/1/2019 22:50:55] /say Paladin Sample,diablo flam
[1/1/2019 22:50:56] /say Paladin Sample,diablo flam
[1/1/2019 22:50:56] /say Paladin Sample,diablo flam
[1/1/2019 22:50:56] /say Paladin Sample,diablo flam
[1/1/2019 22:51:24] /say Paladin Sample,diablo flam
[1/1/2019 22:51:25] /say Paladin Sample,diablo flam
[1/1/2019 22:51:25] /say Paladin Sample,diablo flam
[1/1/2019 22:51:25] /say Paladin Sample,diablo flam
[1/1/2019 22:51:25] /say Paladin Sample,diablo flam
[1/1/2019 22:51:25] /say Paladin Sample,diablo flam
[1/1/2019 22:51:25] /say Paladin Sample,diablo flam
[1/1/2019 22:51:26] /say Paladin Sample,diablo flam
[1/1/2019 22:51:26] /say Paladin Sample,diablo flam
[1/1/2019 22:51:26] /say Paladin Sample,diablo flam
[1/1/2019 22:52:34] /goto druid sample
[1/1/2019 22:52:37] /goto druid sample
[1/1/2019 22:58:44] /town 1
[1/1/2019 22:58:46] /town 2
[1/1/2019 22:58:47] /town 3
[1/1/2019 22:58:48] /town 4
[1/1/2019 22:58:49] /town 5
[1/1/2019 22:58:50] /town 6
[1/1/2019 22:58:52] /town 7
[1/1/2019 23:0:9] /i 1387
[1/1/2019 23:0:12] /r
[1/1/2019 23:0:32] /goto 1329, 1927, 6
[1/1/2019 23:0:45] /goto druid sample
[1/1/2019 23:1:39] /game
[1/1/2019 23:9:7] /m dragon ovelord
[1/1/2019 23:9:10] /m wolf
[1/1/2019 23:9:12] /r
[1/1/2019 23:9:15] /m dragon overlord
[1/1/2019 23:9:17] /r
[1/1/2019 23:9:21] /m empowered dragon
[1/1/2019 23:9:23] /r
[1/1/2019 23:9:31] /m sibang ovelord
[1/1/2019 23:9:34] /m sibang overlord
[1/1/2019 23:10:49] /goto druid sample
[1/1/2019 23:10:51] /goto druid sample
[1/1/2019 23:10:54] /goto druid sample
[1/1/2019 23:13:1] /goto 756, 1173, 8
[1/1/2019 23:13:8] /a 5
[1/1/2019 23:13:9] /a 5
[1/1/2019 23:13:9] /a 5
[1/1/2019 23:13:10] /a 5
[1/1/2019 23:13:11] /a 5
[1/1/2019 23:13:13] /goto 756, 1173, 8
[1/1/2019 23:13:18] /a 5
[1/1/2019 23:13:19] /a 5
[1/1/2019 23:13:20] /a 5
[1/1/2019 23:13:21] /a 5
[1/1/2019 23:13:23] /a 5
[1/1/2019 23:13:25] /a 2
[1/1/2019 23:13:27] /a 5
[1/1/2019 23:13:28] /a 5
[1/1/2019 23:13:29] /a 5
[1/1/2019 23:13:29] /a 5
[1/1/2019 23:13:30] /a 5
[1/1/2019 23:13:30] /a 5
[1/1/2019 23:13:31] /a 5
[1/1/2019 23:13:32] /a 5
[1/1/2019 23:13:39] /a 5
[1/1/2019 23:13:40] /a 5
[1/1/2019 23:13:42] /a 5
[1/1/2019 23:13:42] /a 5
[1/1/2019 23:13:46] /a 5
[1/1/2019 23:13:47] /a 5
[1/1/2019 23:13:47] /a 5
[1/1/2019 23:13:47] /a 5
[1/1/2019 23:13:48] /a 5
[1/1/2019 23:13:49] /a 5
[1/1/2019 23:13:49] /a 5
[1/1/2019 23:13:50] /a 5
[1/1/2019 23:13:51] /a 5
[1/1/2019 23:13:53] /a 5
[1/1/2019 23:13:54] /a 5
[1/1/2019 23:13:57] /a 5
[1/1/2019 23:13:57] /a 5
[1/1/2019 23:13:58] /a 5
[1/1/2019 23:13:58] /a 5
[1/1/2019 23:14:0] /goto 756, 1173, 8
[1/1/2019 23:14:15] /a 11
[1/1/2019 23:14:17] /a 11
[1/1/2019 23:14:18] /a 11
[1/1/2019 23:14:23] /a 11
[1/1/2019 23:14:24] /a 11
[1/1/2019 23:14:26] /a 11
[1/1/2019 23:14:31] /a 2
[1/1/2019 23:14:38] /a 2
[1/1/2019 23:15:7] /a 2
[1/1/2019 23:15:45] /a 2
[1/1/2019 23:16:10] /goto 756, 1173, 8
[1/1/2019 23:16:17] /c druid sample
[1/1/2019 23:16:24] /c paladin sample
[1/1/2019 23:17:37] /goto 756, 1173, 8
[1/1/2019 23:17:42] /goto 756, 1173, 8
[1/1/2019 23:17:45] /a 54
[1/1/2019 23:17:47] /a 54
[1/1/2019 23:17:49] /a 5
[1/1/2019 23:17:49] /a 5
[1/1/2019 23:17:50] /a 5
[1/1/2019 23:17:50] /a 5
[1/1/2019 23:18:44] /c paladin sample
[1/1/2019 23:19:12] /a 2
[1/1/2019 23:19:22] /a
[1/1/2019 23:22:4] /a 2
[1/1/2019 23:22:24] /dosay Paladin Sample,vou aqui pega no penis do negão
[1/1/2019 23:22:34] /t
[1/1/2019 23:22:49] /goto 161, 54, 7
[1/1/2019 23:23:3] /changelevel 251
[1/1/2019 23:23:8] /changelevel 251
[1/1/2019 23:23:11] /changelevel fdps
[1/1/2019 23:23:27] /changelevel 499
[1/1/2019 23:43:14] /a 5
[1/1/2019 23:43:15] /a 5
[1/1/2019 23:43:17] /a 5
